Base path: /Applications/Unity/Unity.app/Contents
Pipe name: \\.\pipe\UnityShaderCompiler-1--1592286764
Cmd: getPlatforms
Cmd: preprocess
  insize=1819 outsize=1287 ok=1
Cmd: compileSnippet
  api=0 type=0 insize=834 outsize=571 kw=V_WIRE_ANTIALIASING_OFF V_WIRE_FRESNEL_OFF V_WIRE_LIGHT_OFF V_WIRE_IBL_OFF ok=1
Cmd: compileSnippet
  api=0 type=1 insize=834 outsize=6 kw=V_WIRE_ANTIALIASING_OFF V_WIRE_FRESNEL_OFF V_WIRE_LIGHT_OFF V_WIRE_IBL_OFF ok=1
Cmd: preprocess
  insize=2739 outsize=1797 ok=1
Cmd: compileSnippet
  api=0 type=0 insize=1280 outsize=2258 kw=DIRECTIONAL SHADOWS_OFF LIGHTMAP_OFF DIRLIGHTMAP_OFF V_WIRE_ANTIALIASING_OFF V_WIRE_FRESNEL_OFF V_WIRE_LIGHT_OFF V_WIRE_IBL_OFF V_WIRE_FRESNEL_REFLECTION_OFF V_WIRE_TRANSPARENCY_OFF ok=1
Cmd: compileSnippet
  api=0 type=1 insize=1280 outsize=6 kw=DIRECTIONAL SHADOWS_OFF LIGHTMAP_OFF DIRLIGHTMAP_OFF V_WIRE_ANTIALIASING_OFF V_WIRE_FRESNEL_OFF V_WIRE_LIGHT_OFF V_WIRE_IBL_OFF V_WIRE_FRESNEL_REFLECTION_OFF V_WIRE_TRANSPARENCY_OFF ok=1
Cmd: preprocess
  insize=2382 outsize=1591 ok=1
Cmd: compileSnippet
  api=0 type=0 insize=1126 outsize=1472 kw=DIRECTIONAL SHADOWS_OFF LIGHTMAP_OFF DIRLIGHTMAP_OFF V_WIRE_ANTIALIASING_OFF V_WIRE_FRESNEL_OFF V_WIRE_LIGHT_OFF V_WIRE_IBL_OFF V_WIRE_TRANSPARENCY_OFF ok=1
Cmd: compileSnippet
  api=0 type=1 insize=1126 outsize=6 kw=DIRECTIONAL SHADOWS_OFF LIGHTMAP_OFF DIRLIGHTMAP_OFF V_WIRE_ANTIALIASING_OFF V_WIRE_FRESNEL_OFF V_WIRE_LIGHT_OFF V_WIRE_IBL_OFF V_WIRE_TRANSPARENCY_OFF ok=1
Cmd: preprocess
  insize=2912 outsize=1574 ok=1
Cmd: compileSnippet
  api=0 type=0 insize=971 outsize=819 kw=V_WIRE_ANTIALIASING_OFF V_WIRE_FRESNEL_OFF V_WIRE_LIGHT_OFF V_WIRE_IBL_OFF V_WIRE_TRANSPARENCY_OFF ok=1
Cmd: compileSnippet
  api=0 type=1 insize=971 outsize=6 kw=V_WIRE_ANTIALIASING_OFF V_WIRE_FRESNEL_OFF V_WIRE_LIGHT_OFF V_WIRE_IBL_OFF V_WIRE_TRANSPARENCY_OFF ok=1
Cmd: compileSnippet
  api=0 type=0 insize=973 outsize=819 kw=V_WIRE_ANTIALIASING_OFF V_WIRE_FRESNEL_OFF V_WIRE_LIGHT_OFF V_WIRE_IBL_OFF V_WIRE_TRANSPARENCY_OFF ok=1
Cmd: compileSnippet
  api=0 type=1 insize=973 outsize=6 kw=V_WIRE_ANTIALIASING_OFF V_WIRE_FRESNEL_OFF V_WIRE_LIGHT_OFF V_WIRE_IBL_OFF V_WIRE_TRANSPARENCY_OFF ok=1
Cmd: preprocess
  insize=2070 outsize=2030 ok=1
Cmd: compileSnippet
  api=0 type=0 insize=355918 outsize=3118 kw=DIRECTIONAL LIGHTMAP_OFF DIRLIGHTMAP_OFF V_WIRE_ANTIALIASING_OFF V_WIRE_FRESNEL_OFF V_WIRE_LIGHT_OFF V_WIRE_IBL_OFF V_WIRE_TRANSPARENCY_OFF ok=1
Cmd: compileSnippet
  api=0 type=1 insize=355918 outsize=6 kw=DIRECTIONAL LIGHTMAP_OFF DIRLIGHTMAP_OFF V_WIRE_ANTIALIASING_OFF V_WIRE_FRESNEL_OFF V_WIRE_LIGHT_OFF V_WIRE_IBL_OFF V_WIRE_TRANSPARENCY_OFF ok=1
Cmd: compileSnippet
  api=0 type=0 insize=195243 outsize=2461 kw=POINT V_WIRE_ANTIALIASING_OFF V_WIRE_FRESNEL_OFF V_WIRE_LIGHT_OFF V_WIRE_IBL_OFF V_WIRE_TRANSPARENCY_OFF ok=1
Cmd: compileSnippet
  api=0 type=1 insize=195243 outsize=6 kw=POINT V_WIRE_ANTIALIASING_OFF V_WIRE_FRESNEL_OFF V_WIRE_LIGHT_OFF V_WIRE_IBL_OFF V_WIRE_TRANSPARENCY_OFF ok=1
Cmd: preprocess
  insize=1919 outsize=2188 ok=1
Cmd: compileSnippet
  api=0 type=0 insize=355467 outsize=3074 kw=DIRECTIONAL SHADOWS_OFF LIGHTMAP_OFF DIRLIGHTMAP_OFF V_WIRE_ANTIALIASING_OFF V_WIRE_FRESNEL_OFF V_WIRE_LIGHT_OFF V_WIRE_IBL_OFF V_WIRE_TRANSPARENCY_OFF ok=1
Cmd: compileSnippet
  api=0 type=1 insize=355467 outsize=6 kw=DIRECTIONAL SHADOWS_OFF LIGHTMAP_OFF DIRLIGHTMAP_OFF V_WIRE_ANTIALIASING_OFF V_WIRE_FRESNEL_OFF V_WIRE_LIGHT_OFF V_WIRE_IBL_OFF V_WIRE_TRANSPARENCY_OFF ok=1
Cmd: compileSnippet
  api=0 type=0 insize=195629 outsize=2415 kw=POINT V_WIRE_ANTIALIASING_OFF V_WIRE_FRESNEL_OFF V_WIRE_LIGHT_OFF V_WIRE_IBL_OFF V_WIRE_TRANSPARENCY_OFF ok=1
Cmd: compileSnippet
  api=0 type=1 insize=195629 outsize=6 kw=POINT V_WIRE_ANTIALIASING_OFF V_WIRE_FRESNEL_OFF V_WIRE_LIGHT_OFF V_WIRE_IBL_OFF V_WIRE_TRANSPARENCY_OFF ok=1
Cmd: compileSnippet
  api=0 type=0 insize=189729 outsize=1972 kw=V_WIRE_ANTIALIASING_OFF V_WIRE_FRESNEL_OFF V_WIRE_LIGHT_OFF V_WIRE_IBL_OFF V_WIRE_TRANSPARENCY_OFF ok=1
Cmd: compileSnippet
  api=0 type=1 insize=189729 outsize=6 kw=V_WIRE_ANTIALIASING_OFF V_WIRE_FRESNEL_OFF V_WIRE_LIGHT_OFF V_WIRE_IBL_OFF V_WIRE_TRANSPARENCY_OFF ok=1
Cmd: compileSnippet
  api=0 type=0 insize=328243 outsize=2523 kw=LIGHTMAP_OFF DIRLIGHTMAP_OFF HDR_LIGHT_PREPASS_OFF V_WIRE_ANTIALIASING_OFF V_WIRE_FRESNEL_OFF V_WIRE_LIGHT_OFF V_WIRE_IBL_OFF V_WIRE_TRANSPARENCY_OFF ok=1
Cmd: compileSnippet
  api=0 type=1 insize=328243 outsize=6 kw=LIGHTMAP_OFF DIRLIGHTMAP_OFF HDR_LIGHT_PREPASS_OFF V_WIRE_ANTIALIASING_OFF V_WIRE_FRESNEL_OFF V_WIRE_LIGHT_OFF V_WIRE_IBL_OFF V_WIRE_TRANSPARENCY_OFF ok=1
Cmd: preprocess
  insize=2426 outsize=2242 ok=1
Cmd: compileSnippet
  api=0 type=0 insize=1027837 outsize=3007 kw=DIRECTIONAL LIGHTMAP_OFF DIRLIGHTMAP_OFF V_WIRE_ANTIALIASING_OFF V_WIRE_FRESNEL_OFF V_WIRE_LIGHT_OFF V_WIRE_IBL_OFF V_WIRE_GRADIENT_PREVIEW_OFF V_WIRE_GRADIENT_AXIS_X V_WIRE_GRADIENT_SPACE_LOCAL ok=1
Cmd: compileSnippet
  api=0 type=1 insize=1027837 outsize=6 kw=DIRECTIONAL LIGHTMAP_OFF DIRLIGHTMAP_OFF V_WIRE_ANTIALIASING_OFF V_WIRE_FRESNEL_OFF V_WIRE_LIGHT_OFF V_WIRE_IBL_OFF V_WIRE_GRADIENT_PREVIEW_OFF V_WIRE_GRADIENT_AXIS_X V_WIRE_GRADIENT_SPACE_LOCAL ok=1
Cmd: compileSnippet
  api=0 type=0 insize=633418 outsize=2491 kw=POINT V_WIRE_ANTIALIASING_OFF V_WIRE_FRESNEL_OFF V_WIRE_LIGHT_OFF V_WIRE_IBL_OFF V_WIRE_GRADIENT_PREVIEW_OFF V_WIRE_GRADIENT_AXIS_X V_WIRE_GRADIENT_SPACE_LOCAL ok=1
Cmd: compileSnippet
  api=0 type=1 insize=633418 outsize=6 kw=POINT V_WIRE_ANTIALIASING_OFF V_WIRE_FRESNEL_OFF V_WIRE_LIGHT_OFF V_WIRE_IBL_OFF V_WIRE_GRADIENT_PREVIEW_OFF V_WIRE_GRADIENT_AXIS_X V_WIRE_GRADIENT_SPACE_LOCAL ok=1
Cmd: preprocess
  insize=2711 outsize=1695 ok=1
Cmd: compileSnippet
  api=0 type=0 insize=1353 outsize=2180 kw=DIRECTIONAL SHADOWS_OFF LIGHTMAP_OFF LIGHTMAP_ON DIRLIGHTMAP_OFF V_WIRE_ANTIALIASING_OFF V_WIRE_FRESNEL_OFF V_WIRE_LIGHT_OFF V_WIRE_IBL_OFF V_WIRE_GRADIENT_PREVIEW_OFF V_WIRE_GRADIENT_AXIS_X V_WIRE_GRADIENT_SPACE_LOCAL ok=1
Cmd: compileSnippet
  api=0 type=1 insize=1353 outsize=6 kw=DIRECTIONAL SHADOWS_OFF LIGHTMAP_OFF LIGHTMAP_ON DIRLIGHTMAP_OFF V_WIRE_ANTIALIASING_OFF V_WIRE_FRESNEL_OFF V_WIRE_LIGHT_OFF V_WIRE_IBL_OFF V_WIRE_GRADIENT_PREVIEW_OFF V_WIRE_GRADIENT_AXIS_X V_WIRE_GRADIENT_SPACE_LOCAL ok=1
Cmd: preprocess
  insize=2114 outsize=1429 ok=1
Cmd: compileSnippet
  api=0 type=0 insize=986 outsize=819 kw=V_WIRE_ANTIALIASING_OFF V_WIRE_FRESNEL_OFF V_WIRE_LIGHT_OFF V_WIRE_IBL_OFF V_WIRE_TRANSPARENCY_OFF ok=1
Cmd: compileSnippet
  api=0 type=1 insize=986 outsize=6 kw=V_WIRE_ANTIALIASING_OFF V_WIRE_FRESNEL_OFF V_WIRE_LIGHT_OFF V_WIRE_IBL_OFF V_WIRE_TRANSPARENCY_OFF ok=1
Cmd: preprocess
  insize=2592 outsize=1688 ok=1
Cmd: compileSnippet
  api=0 type=0 insize=1207 outsize=1730 kw=LIGHTMAP_ON V_WIRE_ANTIALIASING_OFF V_WIRE_FRESNEL_OFF V_WIRE_LIGHT_OFF V_WIRE_IBL_OFF V_WIRE_GRADIENT_PREVIEW_OFF V_WIRE_GRADIENT_AXIS_X V_WIRE_GRADIENT_SPACE_LOCAL ok=1
Cmd: compileSnippet
  api=0 type=1 insize=1207 outsize=6 kw=LIGHTMAP_ON V_WIRE_ANTIALIASING_OFF V_WIRE_FRESNEL_OFF V_WIRE_LIGHT_OFF V_WIRE_IBL_OFF V_WIRE_GRADIENT_PREVIEW_OFF V_WIRE_GRADIENT_AXIS_X V_WIRE_GRADIENT_SPACE_LOCAL ok=1
Cmd: preprocess
  insize=2378 outsize=1515 ok=1
Cmd: compileSnippet
  api=0 type=0 insize=1165 outsize=1696 kw=LIGHTMAP_ON V_WIRE_ANTIALIASING_OFF V_WIRE_FRESNEL_OFF V_WIRE_LIGHT_OFF V_WIRE_IBL_OFF V_WIRE_GRADIENT_PREVIEW_OFF V_WIRE_GRADIENT_AXIS_X V_WIRE_GRADIENT_SPACE_LOCAL ok=1
Cmd: compileSnippet
  api=0 type=1 insize=1165 outsize=6 kw=LIGHTMAP_ON V_WIRE_ANTIALIASING_OFF V_WIRE_FRESNEL_OFF V_WIRE_LIGHT_OFF V_WIRE_IBL_OFF V_WIRE_GRADIENT_PREVIEW_OFF V_WIRE_GRADIENT_AXIS_X V_WIRE_GRADIENT_SPACE_LOCAL ok=1
Cmd: preprocess
  insize=4099 outsize=2084 ok=1
Cmd: compileSnippet
  api=0 type=0 insize=1344 outsize=2263 kw=DIRECTIONAL SHADOWS_OFF LIGHTMAP_OFF LIGHTMAP_ON DIRLIGHTMAP_OFF V_WIRE_ANTIALIASING_OFF V_WIRE_FRESNEL_OFF V_WIRE_LIGHT_OFF V_WIRE_IBL_OFF V_WIRE_GRADIENT_PREVIEW_OFF V_WIRE_GRADIENT_AXIS_X V_WIRE_GRADIENT_SPACE_LOCAL ok=1
Cmd: compileSnippet
  api=0 type=1 insize=1344 outsize=6 kw=DIRECTIONAL SHADOWS_OFF LIGHTMAP_OFF LIGHTMAP_ON DIRLIGHTMAP_OFF V_WIRE_ANTIALIASING_OFF V_WIRE_FRESNEL_OFF V_WIRE_LIGHT_OFF V_WIRE_IBL_OFF V_WIRE_GRADIENT_PREVIEW_OFF V_WIRE_GRADIENT_AXIS_X V_WIRE_GRADIENT_SPACE_LOCAL ok=1
Cmd: compileSnippet
  api=0 type=0 insize=1350 outsize=2263 kw=DIRECTIONAL SHADOWS_OFF LIGHTMAP_OFF LIGHTMAP_ON DIRLIGHTMAP_OFF V_WIRE_ANTIALIASING_OFF V_WIRE_FRESNEL_OFF V_WIRE_LIGHT_OFF V_WIRE_IBL_OFF V_WIRE_GRADIENT_PREVIEW_OFF V_WIRE_GRADIENT_AXIS_X V_WIRE_GRADIENT_SPACE_LOCAL ok=1
Cmd: compileSnippet
  api=0 type=1 insize=1350 outsize=6 kw=DIRECTIONAL SHADOWS_OFF LIGHTMAP_OFF LIGHTMAP_ON DIRLIGHTMAP_OFF V_WIRE_ANTIALIASING_OFF V_WIRE_FRESNEL_OFF V_WIRE_LIGHT_OFF V_WIRE_IBL_OFF V_WIRE_GRADIENT_PREVIEW_OFF V_WIRE_GRADIENT_AXIS_X V_WIRE_GRADIENT_SPACE_LOCAL ok=1
Cmd: preprocess
  insize=3671 outsize=2124 ok=1
Cmd: compileSnippet
  api=0 type=0 insize=1396 outsize=2263 kw=DIRECTIONAL SHADOWS_OFF LIGHTMAP_OFF LIGHTMAP_ON DIRLIGHTMAP_OFF V_WIRE_ANTIALIASING_OFF V_WIRE_FRESNEL_OFF V_WIRE_LIGHT_OFF V_WIRE_IBL_OFF V_WIRE_FRESNEL_REFLECTION_OFF V_WIRE_TRANSPARENCY_OFF ok=1
Cmd: compileSnippet
  api=0 type=1 insize=1396 outsize=6 kw=DIRECTIONAL SHADOWS_OFF LIGHTMAP_OFF LIGHTMAP_ON DIRLIGHTMAP_OFF V_WIRE_ANTIALIASING_OFF V_WIRE_FRESNEL_OFF V_WIRE_LIGHT_OFF V_WIRE_IBL_OFF V_WIRE_FRESNEL_REFLECTION_OFF V_WIRE_TRANSPARENCY_OFF ok=1
Cmd: compileSnippet
  api=0 type=0 insize=498 outsize=453 kw=SHADOWS_DEPTH ok=1
Cmd: compileSnippet
  api=0 type=1 insize=498 outsize=92 kw=SHADOWS_DEPTH ok=1
Cmd: compileSnippet
  api=0 type=0 insize=636 outsize=1057 kw=SHADOWS_NONATIVE ok=1
Cmd: compileSnippet
  api=0 type=1 insize=636 outsize=785 kw=SHADOWS_NONATIVE ok=1
Cmd: preprocess
  insize=1684 outsize=1100 ok=1
Cmd: compileSnippet
  api=0 type=0 insize=886 outsize=793 kw=LIGHTMAP_ON V_WIRE_ANTIALIASING_OFF V_WIRE_FRESNEL_OFF V_WIRE_LIGHT_OFF V_WIRE_IBL_OFF ok=1
Cmd: compileSnippet
  api=0 type=1 insize=886 outsize=6 kw=LIGHTMAP_ON V_WIRE_ANTIALIASING_OFF V_WIRE_FRESNEL_OFF V_WIRE_LIGHT_OFF V_WIRE_IBL_OFF ok=1
Cmd: preprocess
  insize=3275 outsize=1944 ok=1
Cmd: compileSnippet
  api=0 type=0 insize=1176 outsize=1477 kw=DIRECTIONAL SHADOWS_OFF LIGHTMAP_OFF LIGHTMAP_ON DIRLIGHTMAP_OFF V_WIRE_ANTIALIASING_OFF V_WIRE_FRESNEL_OFF V_WIRE_LIGHT_OFF V_WIRE_IBL_OFF V_WIRE_TRANSPARENCY_OFF ok=1
Cmd: compileSnippet
  api=0 type=1 insize=1176 outsize=6 kw=DIRECTIONAL SHADOWS_OFF LIGHTMAP_OFF LIGHTMAP_ON DIRLIGHTMAP_OFF V_WIRE_ANTIALIASING_OFF V_WIRE_FRESNEL_OFF V_WIRE_LIGHT_OFF V_WIRE_IBL_OFF V_WIRE_TRANSPARENCY_OFF ok=1
Cmd: compileSnippet
  api=0 type=0 insize=500 outsize=453 kw=SHADOWS_DEPTH ok=1
Cmd: compileSnippet
  api=0 type=1 insize=500 outsize=92 kw=SHADOWS_DEPTH ok=1
Cmd: compileSnippet
  api=0 type=0 insize=635 outsize=1057 kw=SHADOWS_NONATIVE ok=1
Cmd: compileSnippet
  api=0 type=1 insize=635 outsize=785 kw=SHADOWS_NONATIVE ok=1
Cmd: preprocess
  insize=3549 outsize=1729 ok=1
Cmd: compileSnippet
  api=0 type=0 insize=1221 outsize=1619 kw=LIGHTMAP_ON V_WIRE_ANTIALIASING_OFF V_WIRE_FRESNEL_OFF V_WIRE_LIGHT_OFF V_WIRE_IBL_OFF V_WIRE_GRADIENT_PREVIEW_OFF V_WIRE_GRADIENT_AXIS_X V_WIRE_GRADIENT_SPACE_LOCAL ok=1
Cmd: compileSnippet
  api=0 type=1 insize=1221 outsize=6 kw=LIGHTMAP_ON V_WIRE_ANTIALIASING_OFF V_WIRE_FRESNEL_OFF V_WIRE_LIGHT_OFF V_WIRE_IBL_OFF V_WIRE_GRADIENT_PREVIEW_OFF V_WIRE_GRADIENT_AXIS_X V_WIRE_GRADIENT_SPACE_LOCAL ok=1
Cmd: compileSnippet
  api=0 type=0 insize=1207 outsize=1619 kw=LIGHTMAP_ON V_WIRE_ANTIALIASING_OFF V_WIRE_FRESNEL_OFF V_WIRE_LIGHT_OFF V_WIRE_IBL_OFF V_WIRE_GRADIENT_PREVIEW_OFF V_WIRE_GRADIENT_AXIS_X V_WIRE_GRADIENT_SPACE_LOCAL ok=1
Cmd: compileSnippet
  api=0 type=1 insize=1207 outsize=6 kw=LIGHTMAP_ON V_WIRE_ANTIALIASING_OFF V_WIRE_FRESNEL_OFF V_WIRE_LIGHT_OFF V_WIRE_IBL_OFF V_WIRE_GRADIENT_PREVIEW_OFF V_WIRE_GRADIENT_AXIS_X V_WIRE_GRADIENT_SPACE_LOCAL ok=1
Cmd: preprocess
  insize=2465 outsize=1432 ok=1
Cmd: compileSnippet
  api=0 type=0 insize=819 outsize=571 kw=V_WIRE_ANTIALIASING_OFF V_WIRE_FRESNEL_OFF V_WIRE_LIGHT_OFF V_WIRE_IBL_OFF ok=1
Cmd: compileSnippet
  api=0 type=1 insize=819 outsize=6 kw=V_WIRE_ANTIALIASING_OFF V_WIRE_FRESNEL_OFF V_WIRE_LIGHT_OFF V_WIRE_IBL_OFF ok=1
Cmd: compileSnippet
  api=0 type=0 insize=821 outsize=571 kw=V_WIRE_ANTIALIASING_OFF V_WIRE_FRESNEL_OFF V_WIRE_LIGHT_OFF V_WIRE_IBL_OFF ok=1
Cmd: compileSnippet
  api=0 type=1 insize=821 outsize=6 kw=V_WIRE_ANTIALIASING_OFF V_WIRE_FRESNEL_OFF V_WIRE_LIGHT_OFF V_WIRE_IBL_OFF ok=1
Cmd: preprocess
  insize=1927 outsize=1974 ok=1
Cmd: compileSnippet
  api=0 type=0 insize=322862 outsize=2229 kw=DIRECTIONAL LIGHTMAP_OFF DIRLIGHTMAP_OFF V_WIRE_ANTIALIASING_OFF V_WIRE_FRESNEL_OFF V_WIRE_LIGHT_OFF V_WIRE_IBL_OFF V_WIRE_TRANSPARENCY_OFF ok=1
Cmd: compileSnippet
  api=0 type=1 insize=322862 outsize=6 kw=DIRECTIONAL LIGHTMAP_OFF DIRLIGHTMAP_OFF V_WIRE_ANTIALIASING_OFF V_WIRE_FRESNEL_OFF V_WIRE_LIGHT_OFF V_WIRE_IBL_OFF V_WIRE_TRANSPARENCY_OFF ok=1
Cmd: compileSnippet
  api=0 type=0 insize=189547 outsize=1825 kw=POINT V_WIRE_ANTIALIASING_OFF V_WIRE_FRESNEL_OFF V_WIRE_LIGHT_OFF V_WIRE_IBL_OFF V_WIRE_TRANSPARENCY_OFF ok=1
Cmd: compileSnippet
  api=0 type=1 insize=189547 outsize=6 kw=POINT V_WIRE_ANTIALIASING_OFF V_WIRE_FRESNEL_OFF V_WIRE_LIGHT_OFF V_WIRE_IBL_OFF V_WIRE_TRANSPARENCY_OFF ok=1
Cmd: preprocess
  insize=3841 outsize=2042 ok=1
Cmd: compileSnippet
  api=0 type=0 insize=1279 outsize=2258 kw=DIRECTIONAL SHADOWS_OFF LIGHTMAP_OFF DIRLIGHTMAP_OFF V_WIRE_ANTIALIASING_OFF V_WIRE_FRESNEL_OFF V_WIRE_LIGHT_OFF V_WIRE_IBL_OFF V_WIRE_FRESNEL_REFLECTION_OFF V_WIRE_TRANSPARENCY_OFF ok=1
Cmd: compileSnippet
  api=0 type=1 insize=1279 outsize=6 kw=DIRECTIONAL SHADOWS_OFF LIGHTMAP_OFF DIRLIGHTMAP_OFF V_WIRE_ANTIALIASING_OFF V_WIRE_FRESNEL_OFF V_WIRE_LIGHT_OFF V_WIRE_IBL_OFF V_WIRE_FRESNEL_REFLECTION_OFF V_WIRE_TRANSPARENCY_OFF ok=1
Cmd: compileSnippet
  api=0 type=0 insize=1198 outsize=2258 kw=DIRECTIONAL SHADOWS_OFF LIGHTMAP_OFF DIRLIGHTMAP_OFF V_WIRE_ANTIALIASING_OFF V_WIRE_FRESNEL_OFF V_WIRE_LIGHT_OFF V_WIRE_IBL_OFF V_WIRE_TRANSPARENCY_OFF ok=1
Cmd: compileSnippet
  api=0 type=1 insize=1198 outsize=6 kw=DIRECTIONAL SHADOWS_OFF LIGHTMAP_OFF DIRLIGHTMAP_OFF V_WIRE_ANTIALIASING_OFF V_WIRE_FRESNEL_OFF V_WIRE_LIGHT_OFF V_WIRE_IBL_OFF V_WIRE_TRANSPARENCY_OFF ok=1
Cmd: preprocess
  insize=1824 outsize=1277 ok=1
Cmd: compileSnippet
  api=0 type=0 insize=849 outsize=590 kw=V_WIRE_ANTIALIASING_OFF V_WIRE_FRESNEL_OFF V_WIRE_LIGHT_OFF V_WIRE_IBL_OFF ok=1
Cmd: compileSnippet
  api=0 type=1 insize=849 outsize=6 kw=V_WIRE_ANTIALIASING_OFF V_WIRE_FRESNEL_OFF V_WIRE_LIGHT_OFF V_WIRE_IBL_OFF ok=1
Cmd: preprocess
  insize=1703 outsize=1366 ok=1
Cmd: compileSnippet
  api=0 type=0 insize=639 outsize=437 kw=V_WIRE_ANTIALIASING_OFF ok=1
Cmd: compileSnippet
  api=0 type=1 insize=639 outsize=6 kw=V_WIRE_ANTIALIASING_OFF ok=1
Cmd: preprocess
  insize=2806 outsize=1059 ok=1
Cmd: compileSnippet
  api=0 type=0 insize=2051 outsize=820 kw=V_WIRE_ANTIALIASING_OFF V_WIRE_IN_COLOR ok=1
Cmd: compileSnippet
  api=0 type=1 insize=2051 outsize=6 kw=V_WIRE_ANTIALIASING_OFF V_WIRE_IN_COLOR ok=1
Cmd: preprocess
  insize=2529 outsize=2598 ok=1
Cmd: compileSnippet
  api=0 type=0 insize=1131512 outsize=4310 kw=DIRECTIONAL SHADOWS_OFF LIGHTMAP_OFF DIRLIGHTMAP_OFF V_WIRE_ANTIALIASING_OFF V_WIRE_FRESNEL_OFF V_WIRE_LIGHT_OFF V_WIRE_IBL_OFF V_WIRE_GRADIENT_PREVIEW_OFF V_WIRE_GRADIENT_AXIS_X V_WIRE_GRADIENT_SPACE_LOCAL ok=1
Cmd: compileSnippet
  api=0 type=1 insize=1131512 outsize=6 kw=DIRECTIONAL SHADOWS_OFF LIGHTMAP_OFF DIRLIGHTMAP_OFF V_WIRE_ANTIALIASING_OFF V_WIRE_FRESNEL_OFF V_WIRE_LIGHT_OFF V_WIRE_IBL_OFF V_WIRE_GRADIENT_PREVIEW_OFF V_WIRE_GRADIENT_AXIS_X V_WIRE_GRADIENT_SPACE_LOCAL ok=1
Cmd: compileSnippet
  api=0 type=0 insize=650794 outsize=3741 kw=POINT V_WIRE_ANTIALIASING_OFF V_WIRE_FRESNEL_OFF V_WIRE_LIGHT_OFF V_WIRE_IBL_OFF V_WIRE_GRADIENT_PREVIEW_OFF V_WIRE_GRADIENT_AXIS_X V_WIRE_GRADIENT_SPACE_LOCAL ok=1
Cmd: compileSnippet
  api=0 type=1 insize=650794 outsize=6 kw=POINT V_WIRE_ANTIALIASING_OFF V_WIRE_FRESNEL_OFF V_WIRE_LIGHT_OFF V_WIRE_IBL_OFF V_WIRE_GRADIENT_PREVIEW_OFF V_WIRE_GRADIENT_AXIS_X V_WIRE_GRADIENT_SPACE_LOCAL ok=1
Cmd: compileSnippet
  api=0 type=0 insize=632622 outsize=2066 kw=V_WIRE_ANTIALIASING_OFF V_WIRE_FRESNEL_OFF V_WIRE_LIGHT_OFF V_WIRE_IBL_OFF V_WIRE_GRADIENT_PREVIEW_OFF V_WIRE_GRADIENT_AXIS_X V_WIRE_GRADIENT_SPACE_LOCAL ok=1
Cmd: compileSnippet
  api=0 type=1 insize=632622 outsize=6 kw=V_WIRE_ANTIALIASING_OFF V_WIRE_FRESNEL_OFF V_WIRE_LIGHT_OFF V_WIRE_IBL_OFF V_WIRE_GRADIENT_PREVIEW_OFF V_WIRE_GRADIENT_AXIS_X V_WIRE_GRADIENT_SPACE_LOCAL ok=1
Cmd: compileSnippet
  api=0 type=0 insize=1028560 outsize=3375 kw=LIGHTMAP_OFF DIRLIGHTMAP_OFF HDR_LIGHT_PREPASS_OFF V_WIRE_ANTIALIASING_OFF V_WIRE_FRESNEL_OFF V_WIRE_LIGHT_OFF V_WIRE_IBL_OFF V_WIRE_GRADIENT_PREVIEW_OFF V_WIRE_GRADIENT_AXIS_X V_WIRE_GRADIENT_SPACE_LOCAL ok=1
Cmd: compileSnippet
  api=0 type=1 insize=1028560 outsize=6 kw=LIGHTMAP_OFF DIRLIGHTMAP_OFF HDR_LIGHT_PREPASS_OFF V_WIRE_ANTIALIASING_OFF V_WIRE_FRESNEL_OFF V_WIRE_LIGHT_OFF V_WIRE_IBL_OFF V_WIRE_GRADIENT_PREVIEW_OFF V_WIRE_GRADIENT_AXIS_X V_WIRE_GRADIENT_SPACE_LOCAL ok=1
Cmd: preprocess
  insize=2151 outsize=1391 ok=1
Cmd: compileSnippet
  api=0 type=0 insize=1062 outsize=1051 kw=LIGHTMAP_ON V_WIRE_ANTIALIASING_OFF V_WIRE_FRESNEL_OFF V_WIRE_LIGHT_OFF V_WIRE_IBL_OFF V_WIRE_TRANSPARENCY_OFF ok=1
Cmd: compileSnippet
  api=0 type=1 insize=1062 outsize=6 kw=LIGHTMAP_ON V_WIRE_ANTIALIASING_OFF V_WIRE_FRESNEL_OFF V_WIRE_LIGHT_OFF V_WIRE_IBL_OFF V_WIRE_TRANSPARENCY_OFF ok=1
Cmd: preprocess
  insize=1803 outsize=2149 ok=1
Cmd: compileSnippet
  api=0 type=0 insize=323117 outsize=2185 kw=DIRECTIONAL SHADOWS_OFF LIGHTMAP_OFF DIRLIGHTMAP_OFF V_WIRE_ANTIALIASING_OFF V_WIRE_FRESNEL_OFF V_WIRE_LIGHT_OFF V_WIRE_IBL_OFF V_WIRE_TRANSPARENCY_OFF ok=1
Cmd: compileSnippet
  api=0 type=1 insize=323117 outsize=6 kw=DIRECTIONAL SHADOWS_OFF LIGHTMAP_OFF DIRLIGHTMAP_OFF V_WIRE_ANTIALIASING_OFF V_WIRE_FRESNEL_OFF V_WIRE_LIGHT_OFF V_WIRE_IBL_OFF V_WIRE_TRANSPARENCY_OFF ok=1
Cmd: compileSnippet
  api=0 type=0 insize=190639 outsize=1779 kw=POINT V_WIRE_ANTIALIASING_OFF V_WIRE_FRESNEL_OFF V_WIRE_LIGHT_OFF V_WIRE_IBL_OFF V_WIRE_TRANSPARENCY_OFF ok=1
Cmd: compileSnippet
  api=0 type=1 insize=190639 outsize=6 kw=POINT V_WIRE_ANTIALIASING_OFF V_WIRE_FRESNEL_OFF V_WIRE_LIGHT_OFF V_WIRE_IBL_OFF V_WIRE_TRANSPARENCY_OFF ok=1
Cmd: compileSnippet
  api=0 type=0 insize=154051 outsize=603 kw=V_WIRE_ANTIALIASING_OFF V_WIRE_FRESNEL_OFF V_WIRE_LIGHT_OFF V_WIRE_IBL_OFF V_WIRE_TRANSPARENCY_OFF ok=1
Cmd: compileSnippet
  api=0 type=1 insize=154051 outsize=6 kw=V_WIRE_ANTIALIASING_OFF V_WIRE_FRESNEL_OFF V_WIRE_LIGHT_OFF V_WIRE_IBL_OFF V_WIRE_TRANSPARENCY_OFF ok=1
Cmd: compileSnippet
  api=0 type=0 insize=298485 outsize=2391 kw=LIGHTMAP_OFF DIRLIGHTMAP_OFF HDR_LIGHT_PREPASS_OFF V_WIRE_ANTIALIASING_OFF V_WIRE_FRESNEL_OFF V_WIRE_LIGHT_OFF V_WIRE_IBL_OFF V_WIRE_TRANSPARENCY_OFF ok=1
Cmd: compileSnippet
  api=0 type=1 insize=298485 outsize=6 kw=LIGHTMAP_OFF DIRLIGHTMAP_OFF HDR_LIGHT_PREPASS_OFF V_WIRE_ANTIALIASING_OFF V_WIRE_FRESNEL_OFF V_WIRE_LIGHT_OFF V_WIRE_IBL_OFF V_WIRE_TRANSPARENCY_OFF ok=1
Cmd: preprocess
  insize=2021 outsize=1486 ok=1
Cmd: compileSnippet
  api=0 type=0 insize=836 outsize=743 kw=V_WIRE_ANTIALIASING_OFF V_WIRE_TRANSPARENCY_OFF ok=1
Cmd: compileSnippet
  api=0 type=1 insize=836 outsize=6 kw=V_WIRE_ANTIALIASING_OFF V_WIRE_TRANSPARENCY_OFF ok=1
Cmd: preprocess
  insize=1684 outsize=1300 ok=1
Cmd: compileSnippet
  api=0 type=0 insize=686 outsize=530 kw=V_WIRE_ANTIALIASING_OFF ok=1
Cmd: compileSnippet
  api=0 type=1 insize=686 outsize=6 kw=V_WIRE_ANTIALIASING_OFF ok=1
Cmd: preprocess
  insize=1994 outsize=1259 ok=1
Cmd: compileSnippet
  api=0 type=0 insize=1037 outsize=904 kw=LIGHTMAP_ON V_WIRE_ANTIALIASING_OFF V_WIRE_FRESNEL_OFF V_WIRE_LIGHT_OFF V_WIRE_IBL_OFF V_WIRE_TRANSPARENCY_OFF ok=1
Cmd: compileSnippet
  api=0 type=1 insize=1037 outsize=6 kw=LIGHTMAP_ON V_WIRE_ANTIALIASING_OFF V_WIRE_FRESNEL_OFF V_WIRE_LIGHT_OFF V_WIRE_IBL_OFF V_WIRE_TRANSPARENCY_OFF ok=1
Cmd: preprocess
  insize=2928 outsize=1669 ok=1
Cmd: compileSnippet
  api=0 type=0 insize=967 outsize=1224 kw=DIRECTIONAL SHADOWS_OFF LIGHTMAP_OFF DIRLIGHTMAP_OFF V_WIRE_ANTIALIASING_OFF V_WIRE_FRESNEL_OFF V_WIRE_LIGHT_OFF V_WIRE_IBL_OFF ok=1
Cmd: compileSnippet
  api=0 type=1 insize=967 outsize=6 kw=DIRECTIONAL SHADOWS_OFF LIGHTMAP_OFF DIRLIGHTMAP_OFF V_WIRE_ANTIALIASING_OFF V_WIRE_FRESNEL_OFF V_WIRE_LIGHT_OFF V_WIRE_IBL_OFF ok=1
Cmd: compileSnippet
  api=0 type=0 insize=967 outsize=1224 kw=DIRECTIONAL SHADOWS_OFF LIGHTMAP_OFF DIRLIGHTMAP_OFF V_WIRE_ANTIALIASING_OFF V_WIRE_FRESNEL_OFF V_WIRE_LIGHT_OFF V_WIRE_IBL_OFF ok=1
Cmd: compileSnippet
  api=0 type=1 insize=967 outsize=6 kw=DIRECTIONAL SHADOWS_OFF LIGHTMAP_OFF DIRLIGHTMAP_OFF V_WIRE_ANTIALIASING_OFF V_WIRE_FRESNEL_OFF V_WIRE_LIGHT_OFF V_WIRE_IBL_OFF ok=1
Cmd: preprocess
  insize=2075 outsize=2097 ok=1
Cmd: compileSnippet
  api=0 type=0 insize=352942 outsize=2746 kw=DIRECTIONAL LIGHTMAP_OFF DIRLIGHTMAP_OFF V_WIRE_ANTIALIASING_OFF V_WIRE_FRESNEL_OFF V_WIRE_LIGHT_OFF V_WIRE_IBL_OFF V_WIRE_TRANSPARENCY_OFF ok=1
Cmd: compileSnippet
  api=0 type=1 insize=352942 outsize=6 kw=DIRECTIONAL LIGHTMAP_OFF DIRLIGHTMAP_OFF V_WIRE_ANTIALIASING_OFF V_WIRE_FRESNEL_OFF V_WIRE_LIGHT_OFF V_WIRE_IBL_OFF V_WIRE_TRANSPARENCY_OFF ok=1
Cmd: compileSnippet
  api=0 type=0 insize=196907 outsize=2394 kw=POINT V_WIRE_ANTIALIASING_OFF V_WIRE_FRESNEL_OFF V_WIRE_LIGHT_OFF V_WIRE_IBL_OFF V_WIRE_TRANSPARENCY_OFF ok=1
Cmd: compileSnippet
  api=0 type=1 insize=196907 outsize=6 kw=POINT V_WIRE_ANTIALIASING_OFF V_WIRE_FRESNEL_OFF V_WIRE_LIGHT_OFF V_WIRE_IBL_OFF V_WIRE_TRANSPARENCY_OFF ok=1
Cmd: preprocess
  insize=4502 outsize=2232 ok=1
Cmd: compileSnippet
  api=0 type=0 insize=1351 outsize=2370 kw=DIRECTIONAL SHADOWS_OFF LIGHTMAP_OFF LIGHTMAP_ON DIRLIGHTMAP_OFF V_WIRE_ANTIALIASING_OFF V_WIRE_FRESNEL_OFF V_WIRE_LIGHT_OFF V_WIRE_IBL_OFF V_WIRE_FRESNEL_REFLECTION_OFF V_WIRE_TRANSPARENCY_OFF ok=1
Cmd: compileSnippet
  api=0 type=1 insize=1351 outsize=6 kw=DIRECTIONAL SHADOWS_OFF LIGHTMAP_OFF LIGHTMAP_ON DIRLIGHTMAP_OFF V_WIRE_ANTIALIASING_OFF V_WIRE_FRESNEL_OFF V_WIRE_LIGHT_OFF V_WIRE_IBL_OFF V_WIRE_FRESNEL_REFLECTION_OFF V_WIRE_TRANSPARENCY_OFF ok=1
Cmd: compileSnippet
  api=0 type=0 insize=884 outsize=1134 kw=SHADOWS_DEPTH V_WIRE_ANTIALIASING_OFF V_WIRE_TRANSPARENCY_OFF ok=1
Cmd: compileSnippet
  api=0 type=1 insize=884 outsize=6 kw=SHADOWS_DEPTH V_WIRE_ANTIALIASING_OFF V_WIRE_TRANSPARENCY_OFF ok=1
Cmd: compileSnippet
  api=0 type=0 insize=1018 outsize=2477 kw=SHADOWS_NONATIVE V_WIRE_ANTIALIASING_OFF V_WIRE_TRANSPARENCY_OFF ok=1
Cmd: compileSnippet
  api=0 type=1 insize=1018 outsize=6 kw=SHADOWS_NONATIVE V_WIRE_ANTIALIASING_OFF V_WIRE_TRANSPARENCY_OFF ok=1
Cmd: preprocess
  insize=2056 outsize=2300 ok=1
Cmd: compileSnippet
  api=0 type=0 insize=374380 outsize=3726 kw=DIRECTIONAL SHADOWS_OFF LIGHTMAP_OFF DIRLIGHTMAP_OFF V_WIRE_ANTIALIASING_OFF V_WIRE_FRESNEL_OFF V_WIRE_LIGHT_OFF V_WIRE_IBL_OFF V_WIRE_TRANSPARENCY_OFF ok=1
Cmd: compileSnippet
  api=0 type=1 insize=374380 outsize=6 kw=DIRECTIONAL SHADOWS_OFF LIGHTMAP_OFF DIRLIGHTMAP_OFF V_WIRE_ANTIALIASING_OFF V_WIRE_FRESNEL_OFF V_WIRE_LIGHT_OFF V_WIRE_IBL_OFF V_WIRE_TRANSPARENCY_OFF ok=1
Cmd: compileSnippet
  api=0 type=0 insize=203502 outsize=3147 kw=POINT V_WIRE_ANTIALIASING_OFF V_WIRE_FRESNEL_OFF V_WIRE_LIGHT_OFF V_WIRE_IBL_OFF V_WIRE_TRANSPARENCY_OFF ok=1
Cmd: compileSnippet
  api=0 type=1 insize=203502 outsize=6 kw=POINT V_WIRE_ANTIALIASING_OFF V_WIRE_FRESNEL_OFF V_WIRE_LIGHT_OFF V_WIRE_IBL_OFF V_WIRE_TRANSPARENCY_OFF ok=1
Cmd: compileSnippet
  api=0 type=0 insize=191330 outsize=2005 kw=V_WIRE_ANTIALIASING_OFF V_WIRE_FRESNEL_OFF V_WIRE_LIGHT_OFF V_WIRE_IBL_OFF V_WIRE_TRANSPARENCY_OFF ok=1
Cmd: compileSnippet
  api=0 type=1 insize=191330 outsize=6 kw=V_WIRE_ANTIALIASING_OFF V_WIRE_FRESNEL_OFF V_WIRE_LIGHT_OFF V_WIRE_IBL_OFF V_WIRE_TRANSPARENCY_OFF ok=1
Cmd: compileSnippet
  api=0 type=0 insize=338836 outsize=2724 kw=LIGHTMAP_OFF DIRLIGHTMAP_OFF HDR_LIGHT_PREPASS_OFF V_WIRE_ANTIALIASING_OFF V_WIRE_FRESNEL_OFF V_WIRE_LIGHT_OFF V_WIRE_IBL_OFF V_WIRE_TRANSPARENCY_OFF ok=1
Cmd: compileSnippet
  api=0 type=1 insize=338836 outsize=6 kw=LIGHTMAP_OFF DIRLIGHTMAP_OFF HDR_LIGHT_PREPASS_OFF V_WIRE_ANTIALIASING_OFF V_WIRE_FRESNEL_OFF V_WIRE_LIGHT_OFF V_WIRE_IBL_OFF V_WIRE_TRANSPARENCY_OFF ok=1
Cmd: preprocess
  insize=3395 outsize=2046 ok=1
Cmd: compileSnippet
  api=0 type=0 insize=1196 outsize=2145 kw=DIRECTIONAL SHADOWS_OFF LIGHTMAP_OFF LIGHTMAP_ON DIRLIGHTMAP_OFF V_WIRE_ANTIALIASING_OFF V_WIRE_FRESNEL_OFF V_WIRE_LIGHT_OFF V_WIRE_IBL_OFF V_WIRE_FRESNEL_REFLECTION_OFF ok=1
Cmd: compileSnippet
  api=0 type=1 insize=1196 outsize=6 kw=DIRECTIONAL SHADOWS_OFF LIGHTMAP_OFF LIGHTMAP_ON DIRLIGHTMAP_OFF V_WIRE_ANTIALIASING_OFF V_WIRE_FRESNEL_OFF V_WIRE_LIGHT_OFF V_WIRE_IBL_OFF V_WIRE_FRESNEL_REFLECTION_OFF ok=1
Cmd: compileSnippet
  api=0 type=0 insize=499 outsize=453 kw=SHADOWS_DEPTH ok=1
Cmd: compileSnippet
  api=0 type=1 insize=499 outsize=92 kw=SHADOWS_DEPTH ok=1
Cmd: compileSnippet
  api=0 type=0 insize=635 outsize=1057 kw=SHADOWS_NONATIVE ok=1
Cmd: compileSnippet
  api=0 type=1 insize=635 outsize=785 kw=SHADOWS_NONATIVE ok=1
Cmd: preprocess
  insize=2674 outsize=1447 ok=1
Cmd: compileSnippet
  api=0 type=0 insize=917 outsize=643 kw=V_WIRE_ANTIALIASING_OFF V_WIRE_FRESNEL_OFF V_WIRE_LIGHT_OFF V_WIRE_IBL_OFF ok=1
Cmd: compileSnippet
  api=0 type=1 insize=917 outsize=6 kw=V_WIRE_ANTIALIASING_OFF V_WIRE_FRESNEL_OFF V_WIRE_LIGHT_OFF V_WIRE_IBL_OFF ok=1
Cmd: compileSnippet
  api=0 type=0 insize=916 outsize=643 kw=V_WIRE_ANTIALIASING_OFF V_WIRE_FRESNEL_OFF V_WIRE_LIGHT_OFF V_WIRE_IBL_OFF ok=1
Cmd: compileSnippet
  api=0 type=1 insize=916 outsize=6 kw=V_WIRE_ANTIALIASING_OFF V_WIRE_FRESNEL_OFF V_WIRE_LIGHT_OFF V_WIRE_IBL_OFF ok=1
Cmd: preprocess
  insize=4008 outsize=1949 ok=1
Cmd: compileSnippet
  api=0 type=0 insize=1351 outsize=2180 kw=DIRECTIONAL SHADOWS_OFF LIGHTMAP_OFF LIGHTMAP_ON DIRLIGHTMAP_OFF V_WIRE_ANTIALIASING_OFF V_WIRE_FRESNEL_OFF V_WIRE_LIGHT_OFF V_WIRE_IBL_OFF V_WIRE_GRADIENT_PREVIEW_OFF V_WIRE_GRADIENT_AXIS_X V_WIRE_GRADIENT_SPACE_LOCAL ok=1
Cmd: compileSnippet
  api=0 type=1 insize=1351 outsize=6 kw=DIRECTIONAL SHADOWS_OFF LIGHTMAP_OFF LIGHTMAP_ON DIRLIGHTMAP_OFF V_WIRE_ANTIALIASING_OFF V_WIRE_FRESNEL_OFF V_WIRE_LIGHT_OFF V_WIRE_IBL_OFF V_WIRE_GRADIENT_PREVIEW_OFF V_WIRE_GRADIENT_AXIS_X V_WIRE_GRADIENT_SPACE_LOCAL ok=1
Cmd: compileSnippet
  api=0 type=0 insize=1385 outsize=2250 kw=DIRECTIONAL SHADOWS_OFF LIGHTMAP_OFF LIGHTMAP_ON DIRLIGHTMAP_OFF V_WIRE_ANTIALIASING_OFF V_WIRE_FRESNEL_OFF V_WIRE_LIGHT_OFF V_WIRE_IBL_OFF V_WIRE_GRADIENT_PREVIEW_OFF V_WIRE_GRADIENT_AXIS_X V_WIRE_GRADIENT_SPACE_LOCAL ok=1
Cmd: compileSnippet
  api=0 type=1 insize=1385 outsize=6 kw=DIRECTIONAL SHADOWS_OFF LIGHTMAP_OFF LIGHTMAP_ON DIRLIGHTMAP_OFF V_WIRE_ANTIALIASING_OFF V_WIRE_FRESNEL_OFF V_WIRE_LIGHT_OFF V_WIRE_IBL_OFF V_WIRE_GRADIENT_PREVIEW_OFF V_WIRE_GRADIENT_AXIS_X V_WIRE_GRADIENT_SPACE_LOCAL ok=1
Cmd: preprocess
  insize=3560 outsize=2085 ok=1
Cmd: compileSnippet
  api=0 type=0 insize=1317 outsize=2148 kw=DIRECTIONAL SHADOWS_OFF LIGHTMAP_OFF LIGHTMAP_ON DIRLIGHTMAP_OFF V_WIRE_ANTIALIASING_OFF V_WIRE_FRESNEL_OFF V_WIRE_LIGHT_OFF V_WIRE_IBL_OFF V_WIRE_GRADIENT_PREVIEW_OFF V_WIRE_GRADIENT_AXIS_X V_WIRE_GRADIENT_SPACE_LOCAL ok=1
Cmd: compileSnippet
  api=0 type=1 insize=1317 outsize=6 kw=DIRECTIONAL SHADOWS_OFF LIGHTMAP_OFF LIGHTMAP_ON DIRLIGHTMAP_OFF V_WIRE_ANTIALIASING_OFF V_WIRE_FRESNEL_OFF V_WIRE_LIGHT_OFF V_WIRE_IBL_OFF V_WIRE_GRADIENT_PREVIEW_OFF V_WIRE_GRADIENT_AXIS_X V_WIRE_GRADIENT_SPACE_LOCAL ok=1
Cmd: compileSnippet
  api=0 type=0 insize=640 outsize=1057 kw=SHADOWS_NONATIVE ok=1
Cmd: compileSnippet
  api=0 type=1 insize=640 outsize=785 kw=SHADOWS_NONATIVE ok=1
Cmd: preprocess
  insize=4178 outsize=2060 ok=1
Cmd: compileSnippet
  api=0 type=0 insize=1207 outsize=1584 kw=DIRECTIONAL SHADOWS_OFF LIGHTMAP_OFF LIGHTMAP_ON DIRLIGHTMAP_OFF V_WIRE_ANTIALIASING_OFF V_WIRE_FRESNEL_OFF V_WIRE_LIGHT_OFF V_WIRE_IBL_OFF V_WIRE_TRANSPARENCY_OFF ok=1
Cmd: compileSnippet
  api=0 type=1 insize=1207 outsize=6 kw=DIRECTIONAL SHADOWS_OFF LIGHTMAP_OFF LIGHTMAP_ON DIRLIGHTMAP_OFF V_WIRE_ANTIALIASING_OFF V_WIRE_FRESNEL_OFF V_WIRE_LIGHT_OFF V_WIRE_IBL_OFF V_WIRE_TRANSPARENCY_OFF ok=1
Cmd: compileSnippet
  api=0 type=0 insize=878 outsize=1134 kw=SHADOWS_DEPTH V_WIRE_ANTIALIASING_OFF V_WIRE_TRANSPARENCY_OFF ok=1
Cmd: compileSnippet
  api=0 type=1 insize=878 outsize=6 kw=SHADOWS_DEPTH V_WIRE_ANTIALIASING_OFF V_WIRE_TRANSPARENCY_OFF ok=1
Cmd: compileSnippet
  api=0 type=0 insize=1016 outsize=2477 kw=SHADOWS_NONATIVE V_WIRE_ANTIALIASING_OFF V_WIRE_TRANSPARENCY_OFF ok=1
Cmd: compileSnippet
  api=0 type=1 insize=1016 outsize=6 kw=SHADOWS_NONATIVE V_WIRE_ANTIALIASING_OFF V_WIRE_TRANSPARENCY_OFF ok=1
Cmd: preprocess
  insize=2221 outsize=2408 ok=1
Cmd: compileSnippet
  api=0 type=0 insize=1014776 outsize=2924 kw=DIRECTIONAL SHADOWS_OFF LIGHTMAP_OFF DIRLIGHTMAP_OFF V_WIRE_ANTIALIASING_OFF V_WIRE_FRESNEL_OFF V_WIRE_LIGHT_OFF V_WIRE_IBL_OFF V_WIRE_GRADIENT_PREVIEW_OFF V_WIRE_GRADIENT_AXIS_X V_WIRE_GRADIENT_SPACE_LOCAL ok=1
Cmd: compileSnippet
  api=0 type=1 insize=1014776 outsize=6 kw=DIRECTIONAL SHADOWS_OFF LIGHTMAP_OFF DIRLIGHTMAP_OFF V_WIRE_ANTIALIASING_OFF V_WIRE_FRESNEL_OFF V_WIRE_LIGHT_OFF V_WIRE_IBL_OFF V_WIRE_GRADIENT_PREVIEW_OFF V_WIRE_GRADIENT_AXIS_X V_WIRE_GRADIENT_SPACE_LOCAL ok=1
Cmd: compileSnippet
  api=0 type=0 insize=622858 outsize=2518 kw=POINT V_WIRE_ANTIALIASING_OFF V_WIRE_FRESNEL_OFF V_WIRE_LIGHT_OFF V_WIRE_IBL_OFF V_WIRE_GRADIENT_PREVIEW_OFF V_WIRE_GRADIENT_AXIS_X V_WIRE_GRADIENT_SPACE_LOCAL ok=1
Cmd: compileSnippet
  api=0 type=1 insize=622858 outsize=6 kw=POINT V_WIRE_ANTIALIASING_OFF V_WIRE_FRESNEL_OFF V_WIRE_LIGHT_OFF V_WIRE_IBL_OFF V_WIRE_GRADIENT_PREVIEW_OFF V_WIRE_GRADIENT_AXIS_X V_WIRE_GRADIENT_SPACE_LOCAL ok=1
Cmd: compileSnippet
  api=0 type=0 insize=527742 outsize=664 kw=V_WIRE_ANTIALIASING_OFF V_WIRE_FRESNEL_OFF V_WIRE_LIGHT_OFF V_WIRE_IBL_OFF V_WIRE_GRADIENT_PREVIEW_OFF V_WIRE_GRADIENT_AXIS_X V_WIRE_GRADIENT_SPACE_LOCAL ok=1
Cmd: compileSnippet
  api=0 type=1 insize=527742 outsize=6 kw=V_WIRE_ANTIALIASING_OFF V_WIRE_FRESNEL_OFF V_WIRE_LIGHT_OFF V_WIRE_IBL_OFF V_WIRE_GRADIENT_PREVIEW_OFF V_WIRE_GRADIENT_AXIS_X V_WIRE_GRADIENT_SPACE_LOCAL ok=1
Cmd: compileSnippet
  api=0 type=0 insize=946528 outsize=3170 kw=LIGHTMAP_OFF DIRLIGHTMAP_OFF HDR_LIGHT_PREPASS_OFF V_WIRE_ANTIALIASING_OFF V_WIRE_FRESNEL_OFF V_WIRE_LIGHT_OFF V_WIRE_IBL_OFF V_WIRE_GRADIENT_PREVIEW_OFF V_WIRE_GRADIENT_AXIS_X V_WIRE_GRADIENT_SPACE_LOCAL ok=1
Cmd: compileSnippet
  api=0 type=1 insize=946528 outsize=6 kw=LIGHTMAP_OFF DIRLIGHTMAP_OFF HDR_LIGHT_PREPASS_OFF V_WIRE_ANTIALIASING_OFF V_WIRE_FRESNEL_OFF V_WIRE_LIGHT_OFF V_WIRE_IBL_OFF V_WIRE_GRADIENT_PREVIEW_OFF V_WIRE_GRADIENT_AXIS_X V_WIRE_GRADIENT_SPACE_LOCAL ok=1
Cmd: preprocess
  insize=3463 outsize=1936 ok=1
Cmd: compileSnippet
  api=0 type=0 insize=1127 outsize=1975 kw=DIRECTIONAL SHADOWS_OFF LIGHTMAP_OFF DIRLIGHTMAP_OFF V_WIRE_ANTIALIASING_OFF V_WIRE_FRESNEL_OFF V_WIRE_LIGHT_OFF V_WIRE_IBL_OFF V_WIRE_FRESNEL_REFLECTION_OFF ok=1
Cmd: compileSnippet
  api=0 type=1 insize=1127 outsize=6 kw=DIRECTIONAL SHADOWS_OFF LIGHTMAP_OFF DIRLIGHTMAP_OFF V_WIRE_ANTIALIASING_OFF V_WIRE_FRESNEL_OFF V_WIRE_LIGHT_OFF V_WIRE_IBL_OFF V_WIRE_FRESNEL_REFLECTION_OFF ok=1
Cmd: compileSnippet
  api=0 type=0 insize=1078 outsize=1975 kw=DIRECTIONAL SHADOWS_OFF LIGHTMAP_OFF DIRLIGHTMAP_OFF V_WIRE_ANTIALIASING_OFF V_WIRE_FRESNEL_OFF V_WIRE_LIGHT_OFF V_WIRE_IBL_OFF ok=1
Cmd: compileSnippet
  api=0 type=1 insize=1078 outsize=6 kw=DIRECTIONAL SHADOWS_OFF LIGHTMAP_OFF DIRLIGHTMAP_OFF V_WIRE_ANTIALIASING_OFF V_WIRE_FRESNEL_OFF V_WIRE_LIGHT_OFF V_WIRE_IBL_OFF ok=1
Cmd: preprocess
  insize=3661 outsize=1848 ok=1
Cmd: compileSnippet
  api=0 type=0 insize=1215 outsize=1730 kw=LIGHTMAP_ON V_WIRE_ANTIALIASING_OFF V_WIRE_FRESNEL_OFF V_WIRE_LIGHT_OFF V_WIRE_IBL_OFF V_WIRE_GRADIENT_PREVIEW_OFF V_WIRE_GRADIENT_AXIS_X V_WIRE_GRADIENT_SPACE_LOCAL ok=1
Cmd: compileSnippet
  api=0 type=1 insize=1215 outsize=6 kw=LIGHTMAP_ON V_WIRE_ANTIALIASING_OFF V_WIRE_FRESNEL_OFF V_WIRE_LIGHT_OFF V_WIRE_IBL_OFF V_WIRE_GRADIENT_PREVIEW_OFF V_WIRE_GRADIENT_AXIS_X V_WIRE_GRADIENT_SPACE_LOCAL ok=1
Cmd: compileSnippet
  api=0 type=0 insize=1207 outsize=1730 kw=LIGHTMAP_ON V_WIRE_ANTIALIASING_OFF V_WIRE_FRESNEL_OFF V_WIRE_LIGHT_OFF V_WIRE_IBL_OFF V_WIRE_GRADIENT_PREVIEW_OFF V_WIRE_GRADIENT_AXIS_X V_WIRE_GRADIENT_SPACE_LOCAL ok=1
Cmd: compileSnippet
  api=0 type=1 insize=1207 outsize=6 kw=LIGHTMAP_ON V_WIRE_ANTIALIASING_OFF V_WIRE_FRESNEL_OFF V_WIRE_LIGHT_OFF V_WIRE_IBL_OFF V_WIRE_GRADIENT_PREVIEW_OFF V_WIRE_GRADIENT_AXIS_X V_WIRE_GRADIENT_SPACE_LOCAL ok=1
Cmd: preprocess
  insize=1795 outsize=1422 ok=1
Cmd: compileSnippet
  api=0 type=0 insize=675 outsize=743 kw=V_WIRE_ANTIALIASING_OFF ok=1
Cmd: compileSnippet
  api=0 type=1 insize=675 outsize=6 kw=V_WIRE_ANTIALIASING_OFF ok=1
Cmd: preprocess
  insize=1907 outsize=2251 ok=1
Cmd: compileSnippet
  api=0 type=0 insize=351849 outsize=2741 kw=DIRECTIONAL SHADOWS_OFF LIGHTMAP_OFF DIRLIGHTMAP_OFF V_WIRE_ANTIALIASING_OFF V_WIRE_FRESNEL_OFF V_WIRE_LIGHT_OFF V_WIRE_IBL_OFF V_WIRE_TRANSPARENCY_OFF ok=1
Cmd: compileSnippet
  api=0 type=1 insize=351849 outsize=6 kw=DIRECTIONAL SHADOWS_OFF LIGHTMAP_OFF DIRLIGHTMAP_OFF V_WIRE_ANTIALIASING_OFF V_WIRE_FRESNEL_OFF V_WIRE_LIGHT_OFF V_WIRE_IBL_OFF V_WIRE_TRANSPARENCY_OFF ok=1
Cmd: compileSnippet
  api=0 type=0 insize=196651 outsize=2387 kw=POINT V_WIRE_ANTIALIASING_OFF V_WIRE_FRESNEL_OFF V_WIRE_LIGHT_OFF V_WIRE_IBL_OFF V_WIRE_TRANSPARENCY_OFF ok=1
Cmd: compileSnippet
  api=0 type=1 insize=196651 outsize=6 kw=POINT V_WIRE_ANTIALIASING_OFF V_WIRE_FRESNEL_OFF V_WIRE_LIGHT_OFF V_WIRE_IBL_OFF V_WIRE_TRANSPARENCY_OFF ok=1
Cmd: compileSnippet
  api=0 type=0 insize=154175 outsize=636 kw=V_WIRE_ANTIALIASING_OFF V_WIRE_FRESNEL_OFF V_WIRE_LIGHT_OFF V_WIRE_IBL_OFF V_WIRE_TRANSPARENCY_OFF ok=1
Cmd: compileSnippet
  api=0 type=1 insize=154175 outsize=6 kw=V_WIRE_ANTIALIASING_OFF V_WIRE_FRESNEL_OFF V_WIRE_LIGHT_OFF V_WIRE_IBL_OFF V_WIRE_TRANSPARENCY_OFF ok=1
Cmd: compileSnippet
  api=0 type=0 insize=310001 outsize=2592 kw=LIGHTMAP_OFF DIRLIGHTMAP_OFF HDR_LIGHT_PREPASS_OFF V_WIRE_ANTIALIASING_OFF V_WIRE_FRESNEL_OFF V_WIRE_LIGHT_OFF V_WIRE_IBL_OFF V_WIRE_TRANSPARENCY_OFF ok=1
Cmd: compileSnippet
  api=0 type=1 insize=310001 outsize=6 kw=LIGHTMAP_OFF DIRLIGHTMAP_OFF HDR_LIGHT_PREPASS_OFF V_WIRE_ANTIALIASING_OFF V_WIRE_FRESNEL_OFF V_WIRE_LIGHT_OFF V_WIRE_IBL_OFF V_WIRE_TRANSPARENCY_OFF ok=1
Cmd: preprocess
  insize=2481 outsize=1692 ok=1
Cmd: compileSnippet
  api=0 type=0 insize=1126 outsize=1975 kw=DIRECTIONAL SHADOWS_OFF LIGHTMAP_OFF DIRLIGHTMAP_OFF V_WIRE_ANTIALIASING_OFF V_WIRE_FRESNEL_OFF V_WIRE_LIGHT_OFF V_WIRE_IBL_OFF V_WIRE_FRESNEL_REFLECTION_OFF ok=1
Cmd: compileSnippet
  api=0 type=1 insize=1126 outsize=6 kw=DIRECTIONAL SHADOWS_OFF LIGHTMAP_OFF DIRLIGHTMAP_OFF V_WIRE_ANTIALIASING_OFF V_WIRE_FRESNEL_OFF V_WIRE_LIGHT_OFF V_WIRE_IBL_OFF V_WIRE_FRESNEL_REFLECTION_OFF ok=1
Cmd: preprocess
  insize=1735 outsize=1326 ok=1
Cmd: compileSnippet
  api=0 type=0 insize=711 outsize=513 kw=V_WIRE_ANTIALIASING_OFF ok=1
Cmd: compileSnippet
  api=0 type=1 insize=711 outsize=6 kw=V_WIRE_ANTIALIASING_OFF ok=1
Cmd: preprocess
  insize=2476 outsize=1571 ok=1
Cmd: compileSnippet
  api=0 type=0 insize=1208 outsize=1619 kw=LIGHTMAP_ON V_WIRE_ANTIALIASING_OFF V_WIRE_FRESNEL_OFF V_WIRE_LIGHT_OFF V_WIRE_IBL_OFF V_WIRE_GRADIENT_PREVIEW_OFF V_WIRE_GRADIENT_AXIS_X V_WIRE_GRADIENT_SPACE_LOCAL ok=1
Cmd: compileSnippet
  api=0 type=1 insize=1208 outsize=6 kw=LIGHTMAP_ON V_WIRE_ANTIALIASING_OFF V_WIRE_FRESNEL_OFF V_WIRE_LIGHT_OFF V_WIRE_IBL_OFF V_WIRE_GRADIENT_PREVIEW_OFF V_WIRE_GRADIENT_AXIS_X V_WIRE_GRADIENT_SPACE_LOCAL ok=1
Cmd: preprocess
  insize=1723 outsize=1308 ok=1
Cmd: compileSnippet
  api=0 type=0 insize=717 outsize=513 kw=V_WIRE_ANTIALIASING_OFF ok=1
Cmd: compileSnippet
  api=0 type=1 insize=717 outsize=6 kw=V_WIRE_ANTIALIASING_OFF ok=1
Cmd: preprocess
  insize=2184 outsize=2404 ok=1
Cmd: compileSnippet
  api=0 type=0 insize=712730 outsize=3025 kw=DIRECTIONAL SHADOWS_OFF LIGHTMAP_OFF DIRLIGHTMAP_OFF V_WIRE_ANTIALIASING_OFF V_WIRE_FRESNEL_OFF V_WIRE_LIGHT_OFF V_WIRE_IBL_OFF V_WIRE_FRESNEL_REFLECTION_OFF V_WIRE_TRANSPARENCY_OFF ok=1
Cmd: compileSnippet
  api=0 type=1 insize=712730 outsize=6 kw=DIRECTIONAL SHADOWS_OFF LIGHTMAP_OFF DIRLIGHTMAP_OFF V_WIRE_ANTIALIASING_OFF V_WIRE_FRESNEL_OFF V_WIRE_LIGHT_OFF V_WIRE_IBL_OFF V_WIRE_FRESNEL_REFLECTION_OFF V_WIRE_TRANSPARENCY_OFF ok=1
Cmd: compileSnippet
  api=0 type=0 insize=405884 outsize=1779 kw=POINT V_WIRE_ANTIALIASING_OFF V_WIRE_FRESNEL_OFF V_WIRE_LIGHT_OFF V_WIRE_IBL_OFF V_WIRE_FRESNEL_REFLECTION_OFF V_WIRE_TRANSPARENCY_OFF ok=1
Cmd: compileSnippet
  api=0 type=1 insize=405884 outsize=6 kw=POINT V_WIRE_ANTIALIASING_OFF V_WIRE_FRESNEL_OFF V_WIRE_LIGHT_OFF V_WIRE_IBL_OFF V_WIRE_FRESNEL_REFLECTION_OFF V_WIRE_TRANSPARENCY_OFF ok=1
Cmd: compileSnippet
  api=0 type=0 insize=332736 outsize=603 kw=V_WIRE_ANTIALIASING_OFF V_WIRE_FRESNEL_OFF V_WIRE_LIGHT_OFF V_WIRE_IBL_OFF V_WIRE_FRESNEL_REFLECTION_OFF V_WIRE_TRANSPARENCY_OFF ok=1
Cmd: compileSnippet
  api=0 type=1 insize=332736 outsize=6 kw=V_WIRE_ANTIALIASING_OFF V_WIRE_FRESNEL_OFF V_WIRE_LIGHT_OFF V_WIRE_IBL_OFF V_WIRE_FRESNEL_REFLECTION_OFF V_WIRE_TRANSPARENCY_OFF ok=1
Cmd: compileSnippet
  api=0 type=0 insize=657122 outsize=3334 kw=LIGHTMAP_OFF DIRLIGHTMAP_OFF HDR_LIGHT_PREPASS_OFF V_WIRE_ANTIALIASING_OFF V_WIRE_FRESNEL_OFF V_WIRE_LIGHT_OFF V_WIRE_IBL_OFF V_WIRE_FRESNEL_REFLECTION_OFF V_WIRE_TRANSPARENCY_OFF ok=1
Cmd: compileSnippet
  api=0 type=1 insize=657122 outsize=6 kw=LIGHTMAP_OFF DIRLIGHTMAP_OFF HDR_LIGHT_PREPASS_OFF V_WIRE_ANTIALIASING_OFF V_WIRE_FRESNEL_OFF V_WIRE_LIGHT_OFF V_WIRE_IBL_OFF V_WIRE_FRESNEL_REFLECTION_OFF V_WIRE_TRANSPARENCY_OFF ok=1
Cmd: preprocess
  insize=2267 outsize=1398 ok=1
Cmd: compileSnippet
  api=0 type=0 insize=1171 outsize=1590 kw=LIGHTMAP_ON V_WIRE_ANTIALIASING_OFF V_WIRE_FRESNEL_OFF V_WIRE_LIGHT_OFF V_WIRE_IBL_OFF V_WIRE_GRADIENT_PREVIEW_OFF V_WIRE_GRADIENT_AXIS_X V_WIRE_GRADIENT_SPACE_LOCAL ok=1
Cmd: compileSnippet
  api=0 type=1 insize=1171 outsize=6 kw=LIGHTMAP_ON V_WIRE_ANTIALIASING_OFF V_WIRE_FRESNEL_OFF V_WIRE_LIGHT_OFF V_WIRE_IBL_OFF V_WIRE_GRADIENT_PREVIEW_OFF V_WIRE_GRADIENT_AXIS_X V_WIRE_GRADIENT_SPACE_LOCAL ok=1
Cmd: preprocess
  insize=1801 outsize=1223 ok=1
Cmd: compileSnippet
  api=0 type=0 insize=879 outsize=840 kw=LIGHTMAP_ON V_WIRE_ANTIALIASING_OFF V_WIRE_FRESNEL_OFF V_WIRE_LIGHT_OFF V_WIRE_IBL_OFF ok=1
Cmd: compileSnippet
  api=0 type=1 insize=879 outsize=6 kw=LIGHTMAP_ON V_WIRE_ANTIALIASING_OFF V_WIRE_FRESNEL_OFF V_WIRE_LIGHT_OFF V_WIRE_IBL_OFF ok=1
Cmd: preprocess
  insize=2441 outsize=2580 ok=1
Cmd: compileSnippet
  api=0 type=0 insize=844764 outsize=5667 kw=DIRECTIONAL SHADOWS_OFF LIGHTMAP_OFF DIRLIGHTMAP_OFF V_WIRE_ANTIALIASING_OFF V_WIRE_FRESNEL_OFF V_WIRE_LIGHT_OFF V_WIRE_IBL_OFF V_WIRE_FRESNEL_REFLECTION_OFF V_WIRE_TRANSPARENCY_OFF ok=1
Cmd: compileSnippet
  api=0 type=1 insize=844764 outsize=6 kw=DIRECTIONAL SHADOWS_OFF LIGHTMAP_OFF DIRLIGHTMAP_OFF V_WIRE_ANTIALIASING_OFF V_WIRE_FRESNEL_OFF V_WIRE_LIGHT_OFF V_WIRE_IBL_OFF V_WIRE_FRESNEL_REFLECTION_OFF V_WIRE_TRANSPARENCY_OFF ok=1
Cmd: compileSnippet
  api=0 type=0 insize=429182 outsize=3147 kw=POINT V_WIRE_ANTIALIASING_OFF V_WIRE_FRESNEL_OFF V_WIRE_LIGHT_OFF V_WIRE_IBL_OFF V_WIRE_FRESNEL_REFLECTION_OFF V_WIRE_TRANSPARENCY_OFF ok=1
Cmd: compileSnippet
  api=0 type=1 insize=429182 outsize=6 kw=POINT V_WIRE_ANTIALIASING_OFF V_WIRE_FRESNEL_OFF V_WIRE_LIGHT_OFF V_WIRE_IBL_OFF V_WIRE_FRESNEL_REFLECTION_OFF V_WIRE_TRANSPARENCY_OFF ok=1
Cmd: compileSnippet
  api=0 type=0 insize=404866 outsize=2005 kw=V_WIRE_ANTIALIASING_OFF V_WIRE_FRESNEL_OFF V_WIRE_LIGHT_OFF V_WIRE_IBL_OFF V_WIRE_FRESNEL_REFLECTION_OFF V_WIRE_TRANSPARENCY_OFF ok=1
Cmd: compileSnippet
  api=0 type=1 insize=404866 outsize=6 kw=V_WIRE_ANTIALIASING_OFF V_WIRE_FRESNEL_OFF V_WIRE_LIGHT_OFF V_WIRE_IBL_OFF V_WIRE_FRESNEL_REFLECTION_OFF V_WIRE_TRANSPARENCY_OFF ok=1
Cmd: compileSnippet
  api=0 type=0 insize=771076 outsize=5538 kw=LIGHTMAP_OFF DIRLIGHTMAP_OFF HDR_LIGHT_PREPASS_OFF V_WIRE_ANTIALIASING_OFF V_WIRE_FRESNEL_OFF V_WIRE_LIGHT_OFF V_WIRE_IBL_OFF V_WIRE_FRESNEL_REFLECTION_OFF V_WIRE_TRANSPARENCY_OFF ok=1
Cmd: compileSnippet
  api=0 type=1 insize=771076 outsize=6 kw=LIGHTMAP_OFF DIRLIGHTMAP_OFF HDR_LIGHT_PREPASS_OFF V_WIRE_ANTIALIASING_OFF V_WIRE_FRESNEL_OFF V_WIRE_LIGHT_OFF V_WIRE_IBL_OFF V_WIRE_FRESNEL_REFLECTION_OFF V_WIRE_TRANSPARENCY_OFF ok=1
Cmd: preprocess
  insize=2073 outsize=1435 ok=1
Cmd: compileSnippet
  api=0 type=0 insize=974 outsize=1224 kw=DIRECTIONAL SHADOWS_OFF LIGHTMAP_OFF DIRLIGHTMAP_OFF V_WIRE_ANTIALIASING_OFF V_WIRE_FRESNEL_OFF V_WIRE_LIGHT_OFF V_WIRE_IBL_OFF ok=1
Cmd: compileSnippet
  api=0 type=1 insize=974 outsize=6 kw=DIRECTIONAL SHADOWS_OFF LIGHTMAP_OFF DIRLIGHTMAP_OFF V_WIRE_ANTIALIASING_OFF V_WIRE_FRESNEL_OFF V_WIRE_LIGHT_OFF V_WIRE_IBL_OFF ok=1
Cmd: preprocess
  insize=2990 outsize=1809 ok=1
Cmd: compileSnippet
  api=0 type=0 insize=1029 outsize=1394 kw=DIRECTIONAL SHADOWS_OFF LIGHTMAP_OFF LIGHTMAP_ON DIRLIGHTMAP_OFF V_WIRE_ANTIALIASING_OFF V_WIRE_FRESNEL_OFF V_WIRE_LIGHT_OFF V_WIRE_IBL_OFF ok=1
Cmd: compileSnippet
  api=0 type=1 insize=1029 outsize=6 kw=DIRECTIONAL SHADOWS_OFF LIGHTMAP_OFF LIGHTMAP_ON DIRLIGHTMAP_OFF V_WIRE_ANTIALIASING_OFF V_WIRE_FRESNEL_OFF V_WIRE_LIGHT_OFF V_WIRE_IBL_OFF ok=1
Cmd: compileSnippet
  api=0 type=0 insize=498 outsize=453 kw=SHADOWS_DEPTH ok=1
Cmd: compileSnippet
  api=0 type=1 insize=498 outsize=92 kw=SHADOWS_DEPTH ok=1
Cmd: compileSnippet
  api=0 type=0 insize=635 outsize=1057 kw=SHADOWS_NONATIVE ok=1
Cmd: compileSnippet
  api=0 type=1 insize=635 outsize=785 kw=SHADOWS_NONATIVE ok=1
Cmd: preprocess
  insize=2840 outsize=1827 ok=1
Cmd: compileSnippet
  api=0 type=0 insize=1351 outsize=2263 kw=DIRECTIONAL SHADOWS_OFF LIGHTMAP_OFF LIGHTMAP_ON DIRLIGHTMAP_OFF V_WIRE_ANTIALIASING_OFF V_WIRE_FRESNEL_OFF V_WIRE_LIGHT_OFF V_WIRE_IBL_OFF V_WIRE_GRADIENT_PREVIEW_OFF V_WIRE_GRADIENT_AXIS_X V_WIRE_GRADIENT_SPACE_LOCAL ok=1
Cmd: compileSnippet
  api=0 type=1 insize=1351 outsize=6 kw=DIRECTIONAL SHADOWS_OFF LIGHTMAP_OFF LIGHTMAP_ON DIRLIGHTMAP_OFF V_WIRE_ANTIALIASING_OFF V_WIRE_FRESNEL_OFF V_WIRE_LIGHT_OFF V_WIRE_IBL_OFF V_WIRE_GRADIENT_PREVIEW_OFF V_WIRE_GRADIENT_AXIS_X V_WIRE_GRADIENT_SPACE_LOCAL ok=1
Cmd: preprocess
  insize=2772 outsize=2441 ok=1
Cmd: compileSnippet
  api=0 type=0 insize=1150141 outsize=4354 kw=DIRECTIONAL LIGHTMAP_OFF DIRLIGHTMAP_OFF V_WIRE_ANTIALIASING_OFF V_WIRE_FRESNEL_OFF V_WIRE_LIGHT_OFF V_WIRE_IBL_OFF V_WIRE_GRADIENT_PREVIEW_OFF V_WIRE_GRADIENT_AXIS_X V_WIRE_GRADIENT_SPACE_LOCAL ok=1
Cmd: compileSnippet
  api=0 type=1 insize=1150141 outsize=6 kw=DIRECTIONAL LIGHTMAP_OFF DIRLIGHTMAP_OFF V_WIRE_ANTIALIASING_OFF V_WIRE_FRESNEL_OFF V_WIRE_LIGHT_OFF V_WIRE_IBL_OFF V_WIRE_GRADIENT_PREVIEW_OFF V_WIRE_GRADIENT_AXIS_X V_WIRE_GRADIENT_SPACE_LOCAL ok=1
Cmd: compileSnippet
  api=0 type=0 insize=666922 outsize=3709 kw=POINT V_WIRE_ANTIALIASING_OFF V_WIRE_FRESNEL_OFF V_WIRE_LIGHT_OFF V_WIRE_IBL_OFF V_WIRE_GRADIENT_PREVIEW_OFF V_WIRE_GRADIENT_AXIS_X V_WIRE_GRADIENT_SPACE_LOCAL ok=1
Cmd: compileSnippet
  api=0 type=1 insize=666922 outsize=6 kw=POINT V_WIRE_ANTIALIASING_OFF V_WIRE_FRESNEL_OFF V_WIRE_LIGHT_OFF V_WIRE_IBL_OFF V_WIRE_GRADIENT_PREVIEW_OFF V_WIRE_GRADIENT_AXIS_X V_WIRE_GRADIENT_SPACE_LOCAL ok=1
Cmd: preprocess
  insize=3383 outsize=1822 ok=1
Cmd: compileSnippet
  api=0 type=0 insize=1117 outsize=1472 kw=DIRECTIONAL SHADOWS_OFF LIGHTMAP_OFF DIRLIGHTMAP_OFF V_WIRE_ANTIALIASING_OFF V_WIRE_FRESNEL_OFF V_WIRE_LIGHT_OFF V_WIRE_IBL_OFF V_WIRE_TRANSPARENCY_OFF ok=1
Cmd: compileSnippet
  api=0 type=1 insize=1117 outsize=6 kw=DIRECTIONAL SHADOWS_OFF LIGHTMAP_OFF DIRLIGHTMAP_OFF V_WIRE_ANTIALIASING_OFF V_WIRE_FRESNEL_OFF V_WIRE_LIGHT_OFF V_WIRE_IBL_OFF V_WIRE_TRANSPARENCY_OFF ok=1
Cmd: compileSnippet
  api=0 type=0 insize=1120 outsize=1472 kw=DIRECTIONAL SHADOWS_OFF LIGHTMAP_OFF DIRLIGHTMAP_OFF V_WIRE_ANTIALIASING_OFF V_WIRE_FRESNEL_OFF V_WIRE_LIGHT_OFF V_WIRE_IBL_OFF V_WIRE_TRANSPARENCY_OFF ok=1
Cmd: compileSnippet
  api=0 type=1 insize=1120 outsize=6 kw=DIRECTIONAL SHADOWS_OFF LIGHTMAP_OFF DIRLIGHTMAP_OFF V_WIRE_ANTIALIASING_OFF V_WIRE_FRESNEL_OFF V_WIRE_LIGHT_OFF V_WIRE_IBL_OFF V_WIRE_TRANSPARENCY_OFF ok=1
Cmd: preprocess
  insize=2204 outsize=2137 ok=1
Cmd: compileSnippet
  api=0 type=0 insize=374958 outsize=3731 kw=DIRECTIONAL LIGHTMAP_OFF DIRLIGHTMAP_OFF V_WIRE_ANTIALIASING_OFF V_WIRE_FRESNEL_OFF V_WIRE_LIGHT_OFF V_WIRE_IBL_OFF V_WIRE_TRANSPARENCY_OFF ok=1
Cmd: compileSnippet
  api=0 type=1 insize=374958 outsize=6 kw=DIRECTIONAL LIGHTMAP_OFF DIRLIGHTMAP_OFF V_WIRE_ANTIALIASING_OFF V_WIRE_FRESNEL_OFF V_WIRE_LIGHT_OFF V_WIRE_IBL_OFF V_WIRE_TRANSPARENCY_OFF ok=1
Cmd: compileSnippet
  api=0 type=0 insize=203243 outsize=3154 kw=POINT V_WIRE_ANTIALIASING_OFF V_WIRE_FRESNEL_OFF V_WIRE_LIGHT_OFF V_WIRE_IBL_OFF V_WIRE_TRANSPARENCY_OFF ok=1
Cmd: compileSnippet
  api=0 type=1 insize=203243 outsize=6 kw=POINT V_WIRE_ANTIALIASING_OFF V_WIRE_FRESNEL_OFF V_WIRE_LIGHT_OFF V_WIRE_IBL_OFF V_WIRE_TRANSPARENCY_OFF ok=1
Cmd: preprocess
  insize=1925 outsize=1310 ok=1
Cmd: compileSnippet
  api=0 type=0 insize=916 outsize=643 kw=V_WIRE_ANTIALIASING_OFF V_WIRE_FRESNEL_OFF V_WIRE_LIGHT_OFF V_WIRE_IBL_OFF ok=1
Cmd: compileSnippet
  api=0 type=1 insize=916 outsize=6 kw=V_WIRE_ANTIALIASING_OFF V_WIRE_FRESNEL_OFF V_WIRE_LIGHT_OFF V_WIRE_IBL_OFF ok=1
Cmd: preprocess
  insize=2505 outsize=1414 ok=1
Cmd: compileSnippet
  api=0 type=0 insize=849 outsize=590 kw=V_WIRE_ANTIALIASING_OFF V_WIRE_FRESNEL_OFF V_WIRE_LIGHT_OFF V_WIRE_IBL_OFF ok=1
Cmd: compileSnippet
  api=0 type=1 insize=849 outsize=6 kw=V_WIRE_ANTIALIASING_OFF V_WIRE_FRESNEL_OFF V_WIRE_LIGHT_OFF V_WIRE_IBL_OFF ok=1
Cmd: compileSnippet
  api=0 type=0 insize=849 outsize=590 kw=V_WIRE_ANTIALIASING_OFF V_WIRE_FRESNEL_OFF V_WIRE_LIGHT_OFF V_WIRE_IBL_OFF ok=1
Cmd: compileSnippet
  api=0 type=1 insize=849 outsize=6 kw=V_WIRE_ANTIALIASING_OFF V_WIRE_FRESNEL_OFF V_WIRE_LIGHT_OFF V_WIRE_IBL_OFF ok=1
Cmd: preprocess
  insize=1632 outsize=1291 ok=1
Cmd: compileSnippet
  api=0 type=0 insize=642 outsize=437 kw=V_WIRE_ANTIALIASING_OFF ok=1
Cmd: compileSnippet
  api=0 type=1 insize=642 outsize=6 kw=V_WIRE_ANTIALIASING_OFF ok=1
Cmd: preprocess
  insize=2319 outsize=2518 ok=1
Cmd: compileSnippet
  api=0 type=0 insize=765210 outsize=3506 kw=DIRECTIONAL SHADOWS_OFF LIGHTMAP_OFF DIRLIGHTMAP_OFF V_WIRE_ANTIALIASING_OFF V_WIRE_FRESNEL_OFF V_WIRE_LIGHT_OFF V_WIRE_IBL_OFF V_WIRE_FRESNEL_REFLECTION_OFF V_WIRE_TRANSPARENCY_OFF ok=1
Cmd: compileSnippet
  api=0 type=1 insize=765210 outsize=6 kw=DIRECTIONAL SHADOWS_OFF LIGHTMAP_OFF DIRLIGHTMAP_OFF V_WIRE_ANTIALIASING_OFF V_WIRE_FRESNEL_OFF V_WIRE_LIGHT_OFF V_WIRE_IBL_OFF V_WIRE_FRESNEL_REFLECTION_OFF V_WIRE_TRANSPARENCY_OFF ok=1
Cmd: compileSnippet
  api=0 type=0 insize=420604 outsize=2387 kw=POINT V_WIRE_ANTIALIASING_OFF V_WIRE_FRESNEL_OFF V_WIRE_LIGHT_OFF V_WIRE_IBL_OFF V_WIRE_FRESNEL_REFLECTION_OFF V_WIRE_TRANSPARENCY_OFF ok=1
Cmd: compileSnippet
  api=0 type=1 insize=420604 outsize=6 kw=POINT V_WIRE_ANTIALIASING_OFF V_WIRE_FRESNEL_OFF V_WIRE_LIGHT_OFF V_WIRE_IBL_OFF V_WIRE_FRESNEL_REFLECTION_OFF V_WIRE_TRANSPARENCY_OFF ok=1
Cmd: compileSnippet
  api=0 type=0 insize=335680 outsize=636 kw=V_WIRE_ANTIALIASING_OFF V_WIRE_FRESNEL_OFF V_WIRE_LIGHT_OFF V_WIRE_IBL_OFF V_WIRE_FRESNEL_REFLECTION_OFF V_WIRE_TRANSPARENCY_OFF ok=1
Cmd: compileSnippet
  api=0 type=1 insize=335680 outsize=6 kw=V_WIRE_ANTIALIASING_OFF V_WIRE_FRESNEL_OFF V_WIRE_LIGHT_OFF V_WIRE_IBL_OFF V_WIRE_FRESNEL_REFLECTION_OFF V_WIRE_TRANSPARENCY_OFF ok=1
Cmd: compileSnippet
  api=0 type=0 insize=677922 outsize=3499 kw=LIGHTMAP_OFF DIRLIGHTMAP_OFF HDR_LIGHT_PREPASS_OFF V_WIRE_ANTIALIASING_OFF V_WIRE_FRESNEL_OFF V_WIRE_LIGHT_OFF V_WIRE_IBL_OFF V_WIRE_FRESNEL_REFLECTION_OFF V_WIRE_TRANSPARENCY_OFF ok=1
Cmd: compileSnippet
  api=0 type=1 insize=677922 outsize=6 kw=LIGHTMAP_OFF DIRLIGHTMAP_OFF HDR_LIGHT_PREPASS_OFF V_WIRE_ANTIALIASING_OFF V_WIRE_FRESNEL_OFF V_WIRE_LIGHT_OFF V_WIRE_IBL_OFF V_WIRE_FRESNEL_REFLECTION_OFF V_WIRE_TRANSPARENCY_OFF ok=1
Cmd: preprocess
  insize=3679 outsize=2219 ok=1
Cmd: compileSnippet
  api=0 type=0 insize=1311 outsize=2231 kw=DIRECTIONAL SHADOWS_OFF LIGHTMAP_OFF LIGHTMAP_ON DIRLIGHTMAP_OFF V_WIRE_ANTIALIASING_OFF V_WIRE_FRESNEL_OFF V_WIRE_LIGHT_OFF V_WIRE_IBL_OFF V_WIRE_GRADIENT_PREVIEW_OFF V_WIRE_GRADIENT_AXIS_X V_WIRE_GRADIENT_SPACE_LOCAL ok=1
Cmd: compileSnippet
  api=0 type=1 insize=1311 outsize=6 kw=DIRECTIONAL SHADOWS_OFF LIGHTMAP_OFF LIGHTMAP_ON DIRLIGHTMAP_OFF V_WIRE_ANTIALIASING_OFF V_WIRE_FRESNEL_OFF V_WIRE_LIGHT_OFF V_WIRE_IBL_OFF V_WIRE_GRADIENT_PREVIEW_OFF V_WIRE_GRADIENT_AXIS_X V_WIRE_GRADIENT_SPACE_LOCAL ok=1
Cmd: compileSnippet
  api=0 type=0 insize=500 outsize=453 kw=SHADOWS_DEPTH ok=1
Cmd: compileSnippet
  api=0 type=1 insize=500 outsize=92 kw=SHADOWS_DEPTH ok=1
Cmd: compileSnippet
  api=0 type=0 insize=634 outsize=1057 kw=SHADOWS_NONATIVE ok=1
Cmd: compileSnippet
  api=0 type=1 insize=634 outsize=785 kw=SHADOWS_NONATIVE ok=1
Cmd: preprocess
  insize=1697 outsize=1317 ok=1
Cmd: compileSnippet
  api=0 type=0 insize=681 outsize=530 kw=V_WIRE_ANTIALIASING_OFF ok=1
Cmd: compileSnippet
  api=0 type=1 insize=681 outsize=6 kw=V_WIRE_ANTIALIASING_OFF ok=1
Cmd: preprocess
  insize=1719 outsize=1174 ok=1
Cmd: compileSnippet
  api=0 type=0 insize=847 outsize=693 kw=LIGHTMAP_ON V_WIRE_ANTIALIASING_OFF V_WIRE_FRESNEL_OFF V_WIRE_LIGHT_OFF V_WIRE_IBL_OFF ok=1
Cmd: compileSnippet
  api=0 type=1 insize=847 outsize=6 kw=LIGHTMAP_ON V_WIRE_ANTIALIASING_OFF V_WIRE_FRESNEL_OFF V_WIRE_LIGHT_OFF V_WIRE_IBL_OFF ok=1
Cmd: compileSnippet
  api=0 type=0 insize=374380 outsize=3922 kw=DIRECTIONAL SHADOWS_OFF LIGHTMAP_OFF DIRLIGHTMAP_OFF V_WIRE_FRESNEL_OFF V_WIRE_IBL_OFF V_WIRE_LIGHT_ON V_WIRE_ANTIALIASING_ON V_WIRE_TRANSPARENCY_OFF ok=1
Cmd: compileSnippet
  api=0 type=1 insize=374380 outsize=6 kw=DIRECTIONAL SHADOWS_OFF LIGHTMAP_OFF DIRLIGHTMAP_OFF V_WIRE_FRESNEL_OFF V_WIRE_IBL_OFF V_WIRE_LIGHT_ON V_WIRE_ANTIALIASING_ON V_WIRE_TRANSPARENCY_OFF ok=1
Cmd: compileSnippet
  api=0 type=0 insize=203502 outsize=2905 kw=DIRECTIONAL V_WIRE_FRESNEL_OFF V_WIRE_IBL_OFF V_WIRE_LIGHT_ON V_WIRE_ANTIALIASING_ON V_WIRE_TRANSPARENCY_OFF ok=1
Cmd: compileSnippet
  api=0 type=1 insize=203502 outsize=6 kw=DIRECTIONAL V_WIRE_FRESNEL_OFF V_WIRE_IBL_OFF V_WIRE_LIGHT_ON V_WIRE_ANTIALIASING_ON V_WIRE_TRANSPARENCY_OFF ok=1
Cmd: compileSnippet
  api=0 type=0 insize=1176 outsize=1681 kw=DIRECTIONAL SHADOWS_OFF LIGHTMAP_OFF DIRLIGHTMAP_OFF V_WIRE_FRESNEL_OFF V_WIRE_LIGHT_OFF V_WIRE_IBL_OFF V_WIRE_ANTIALIASING_ON V_WIRE_TRANSPARENCY_OFF ok=1
Cmd: compileSnippet
  api=0 type=1 insize=1176 outsize=6 kw=DIRECTIONAL SHADOWS_OFF LIGHTMAP_OFF DIRLIGHTMAP_OFF V_WIRE_FRESNEL_OFF V_WIRE_LIGHT_OFF V_WIRE_IBL_OFF V_WIRE_ANTIALIASING_ON V_WIRE_TRANSPARENCY_OFF ok=1
Cmd: compileSnippet
  api=0 type=0 insize=1014776 outsize=3141 kw=DIRECTIONAL SHADOWS_OFF LIGHTMAP_OFF DIRLIGHTMAP_OFF V_WIRE_FRESNEL_OFF V_WIRE_LIGHT_OFF V_WIRE_IBL_OFF V_WIRE_ANTIALIASING_ON V_WIRE_GRADIENT_PREVIEW_OFF V_WIRE_GRADIENT_SPACE_LOCAL V_WIRE_GRADIENT_AXIS_Y ok=1
Cmd: compileSnippet
  api=0 type=1 insize=1014776 outsize=6 kw=DIRECTIONAL SHADOWS_OFF LIGHTMAP_OFF DIRLIGHTMAP_OFF V_WIRE_FRESNEL_OFF V_WIRE_LIGHT_OFF V_WIRE_IBL_OFF V_WIRE_ANTIALIASING_ON V_WIRE_GRADIENT_PREVIEW_OFF V_WIRE_GRADIENT_SPACE_LOCAL V_WIRE_GRADIENT_AXIS_Y ok=1
Cmd: compileSnippet
  api=0 type=0 insize=622858 outsize=2409 kw=DIRECTIONAL V_WIRE_FRESNEL_OFF V_WIRE_LIGHT_OFF V_WIRE_IBL_OFF V_WIRE_ANTIALIASING_ON V_WIRE_GRADIENT_PREVIEW_OFF V_WIRE_GRADIENT_SPACE_LOCAL V_WIRE_GRADIENT_AXIS_Y ok=1
Cmd: compileSnippet
  api=0 type=1 insize=622858 outsize=6 kw=DIRECTIONAL V_WIRE_FRESNEL_OFF V_WIRE_LIGHT_OFF V_WIRE_IBL_OFF V_WIRE_ANTIALIASING_ON V_WIRE_GRADIENT_PREVIEW_OFF V_WIRE_GRADIENT_SPACE_LOCAL V_WIRE_GRADIENT_AXIS_Y ok=1
Cmd: compileSnippet
  api=0 type=0 insize=849 outsize=799 kw=V_WIRE_FRESNEL_OFF V_WIRE_LIGHT_OFF V_WIRE_IBL_OFF V_WIRE_ANTIALIASING_ON ok=1
Cmd: compileSnippet
  api=0 type=1 insize=849 outsize=6 kw=V_WIRE_FRESNEL_OFF V_WIRE_LIGHT_OFF V_WIRE_IBL_OFF V_WIRE_ANTIALIASING_ON ok=1
Cmd: compileSnippet
  api=0 type=0 insize=849 outsize=799 kw=V_WIRE_FRESNEL_OFF V_WIRE_LIGHT_OFF V_WIRE_IBL_OFF V_WIRE_ANTIALIASING_ON ok=1
Cmd: compileSnippet
  api=0 type=1 insize=849 outsize=6 kw=V_WIRE_FRESNEL_OFF V_WIRE_LIGHT_OFF V_WIRE_IBL_OFF V_WIRE_ANTIALIASING_ON ok=1
Cmd: compileSnippet
  api=0 type=0 insize=1037 outsize=1028 kw=LIGHTMAP_OFF V_WIRE_FRESNEL_OFF V_WIRE_LIGHT_OFF V_WIRE_IBL_OFF V_WIRE_ANTIALIASING_ON V_WIRE_TRANSPARENCY_OFF ok=1
Cmd: compileSnippet
  api=0 type=1 insize=1037 outsize=6 kw=LIGHTMAP_OFF V_WIRE_FRESNEL_OFF V_WIRE_LIGHT_OFF V_WIRE_IBL_OFF V_WIRE_ANTIALIASING_ON V_WIRE_TRANSPARENCY_OFF ok=1
Cmd: compileSnippet
  api=0 type=0 insize=1344 outsize=2958 kw=DIRECTIONAL SHADOWS_OFF LIGHTMAP_OFF DIRLIGHTMAP_OFF V_WIRE_FRESNEL_OFF V_WIRE_IBL_OFF V_WIRE_LIGHT_ON V_WIRE_ANTIALIASING_ON V_WIRE_GRADIENT_PREVIEW_OFF V_WIRE_GRADIENT_SPACE_LOCAL V_WIRE_GRADIENT_AXIS_Y ok=1
Cmd: compileSnippet
  api=0 type=1 insize=1344 outsize=6 kw=DIRECTIONAL SHADOWS_OFF LIGHTMAP_OFF DIRLIGHTMAP_OFF V_WIRE_FRESNEL_OFF V_WIRE_IBL_OFF V_WIRE_LIGHT_ON V_WIRE_ANTIALIASING_ON V_WIRE_GRADIENT_PREVIEW_OFF V_WIRE_GRADIENT_SPACE_LOCAL V_WIRE_GRADIENT_AXIS_Y ok=1
Cmd: compileSnippet
  api=0 type=0 insize=1350 outsize=2958 kw=DIRECTIONAL SHADOWS_OFF LIGHTMAP_OFF DIRLIGHTMAP_OFF V_WIRE_FRESNEL_OFF V_WIRE_IBL_OFF V_WIRE_LIGHT_ON V_WIRE_ANTIALIASING_ON V_WIRE_GRADIENT_PREVIEW_OFF V_WIRE_GRADIENT_SPACE_LOCAL V_WIRE_GRADIENT_AXIS_Y ok=1
Cmd: compileSnippet
  api=0 type=1 insize=1350 outsize=6 kw=DIRECTIONAL SHADOWS_OFF LIGHTMAP_OFF DIRLIGHTMAP_OFF V_WIRE_FRESNEL_OFF V_WIRE_IBL_OFF V_WIRE_LIGHT_ON V_WIRE_ANTIALIASING_ON V_WIRE_GRADIENT_PREVIEW_OFF V_WIRE_GRADIENT_SPACE_LOCAL V_WIRE_GRADIENT_AXIS_Y ok=1
Cmd: compileSnippet
  api=0 type=0 insize=886 outsize=780 kw=LIGHTMAP_OFF V_WIRE_FRESNEL_OFF V_WIRE_LIGHT_OFF V_WIRE_IBL_OFF V_WIRE_ANTIALIASING_ON ok=1
Cmd: compileSnippet
  api=0 type=1 insize=886 outsize=6 kw=LIGHTMAP_OFF V_WIRE_FRESNEL_OFF V_WIRE_LIGHT_OFF V_WIRE_IBL_OFF V_WIRE_ANTIALIASING_ON ok=1
Cmd: compileSnippet
  api=0 type=0 insize=374380 outsize=5006 kw=DIRECTIONAL SHADOWS_OFF LIGHTMAP_OFF DIRLIGHTMAP_OFF V_WIRE_FRESNEL_OFF V_WIRE_IBL_ON V_WIRE_LIGHT_ON V_WIRE_ANTIALIASING_ON V_WIRE_TRANSPARENCY_OFF ok=1
Cmd: compileSnippet
  api=0 type=1 insize=374380 outsize=6 kw=DIRECTIONAL SHADOWS_OFF LIGHTMAP_OFF DIRLIGHTMAP_OFF V_WIRE_FRESNEL_OFF V_WIRE_IBL_ON V_WIRE_LIGHT_ON V_WIRE_ANTIALIASING_ON V_WIRE_TRANSPARENCY_OFF ok=1
Cmd: compileSnippet
  api=0 type=0 insize=203502 outsize=2905 kw=DIRECTIONAL V_WIRE_FRESNEL_OFF V_WIRE_IBL_ON V_WIRE_LIGHT_ON V_WIRE_ANTIALIASING_ON V_WIRE_TRANSPARENCY_OFF ok=1
Cmd: compileSnippet
  api=0 type=1 insize=203502 outsize=6 kw=DIRECTIONAL V_WIRE_FRESNEL_OFF V_WIRE_IBL_ON V_WIRE_LIGHT_ON V_WIRE_ANTIALIASING_ON V_WIRE_TRANSPARENCY_OFF ok=1
Cmd: compileSnippet
  api=0 type=0 insize=2051 outsize=1029 kw=V_WIRE_ANTIALIASING_ON V_WIRE_IN_COLOR ok=1
Cmd: compileSnippet
  api=0 type=1 insize=2051 outsize=6 kw=V_WIRE_ANTIALIASING_ON V_WIRE_IN_COLOR ok=1
